{"level":"info","ts":1735909937.9242463,"msg":"starting api http server","addr":"0.0.0.0:9091"}
{"level":"info","ts":1735909937.9248755,"msg":"load config","file":"/app/mosdns/dat_exec.yaml"}
{"level":"info","ts":1735909937.9249122,"msg":"loading plugin","tag":"geoip_private","type":"ip_set"}
{"level":"info","ts":1735909937.9249945,"msg":"loading plugin","tag":"geoip_cn","type":"ip_set"}
{"level":"info","ts":1735909937.940102,"msg":"loading plugin","tag":"geosite_cn","type":"domain_set"}
{"level":"info","ts":1735909938.0185597,"msg":"loading plugin","tag":"geosite_gfw","type":"domain_set"}
{"level":"info","ts":1735909938.0212467,"msg":"loading plugin","tag":"geosite_location-!cn","type":"domain_set"}
{"level":"info","ts":1735909938.0384727,"msg":"loading plugin","tag":"geosite_ads-all","type":"domain_set"}
{"level":"info","ts":1735909938.0390012,"msg":"loading plugin","tag":"cloudflare_ips","type":"ip_set"}
{"level":"info","ts":1735909938.0390666,"msg":"loading plugin","tag":"cache_lan","type":"cache"}
{"level":"info","ts":1735909938.0392148,"msg":"loading plugin","tag":"cache_wan","type":"cache"}
{"level":"info","ts":1735909938.039294,"msg":"loading plugin","tag":"no_ecs","type":"ecs_handler"}
{"level":"info","ts":1735909938.0393093,"msg":"loading plugin","tag":"ecs_cn","type":"ecs_handler"}
{"level":"info","ts":1735909938.0393288,"msg":"loading plugin","tag":"ttl_1m","type":"sequence"}
{"level":"info","ts":1735909938.0393553,"msg":"loading plugin","tag":"ttl_5m","type":"sequence"}
{"level":"info","ts":1735909938.0393643,"msg":"loading plugin","tag":"ttl_1h","type":"sequence"}
{"level":"info","ts":1735909938.0398402,"msg":"load config","file":"/app/mosdns/dns.yaml"}
{"level":"info","ts":1735909938.0399482,"msg":"loading plugin","tag":"google","type":"forward"}
{"level":"info","ts":1735909938.0400887,"msg":"loading plugin","tag":"cloudflare","type":"forward"}
{"level":"info","ts":1735909938.0401535,"msg":"loading plugin","tag":"nextdns","type":"forward"}
{"level":"info","ts":1735909938.0402496,"msg":"loading plugin","tag":"quad9","type":"forward"}
{"level":"info","ts":1735909938.0403123,"msg":"loading plugin","tag":"ali","type":"forward"}
{"level":"info","ts":1735909938.0405319,"msg":"loading plugin","tag":"dnspod","type":"forward"}
{"level":"info","ts":1735909938.0408623,"msg":"loading plugin","tag":"local","type":"forward"}
{"level":"info","ts":1735909938.0408964,"msg":"loading plugin","tag":"reject_2","type":"sequence"}
{"level":"info","ts":1735909938.040918,"msg":"loading plugin","tag":"reject_3","type":"sequence"}
{"level":"info","ts":1735909938.040933,"msg":"loading plugin","tag":"reject_5","type":"sequence"}
{"level":"info","ts":1735909938.0412285,"msg":"load config","file":"/app/mosdns/best_cf.yaml"}
{"level":"info","ts":1735909938.0412498,"msg":"loading plugin","tag":"blackhole_cloudflare","type":"sequence"}
{"level":"info","ts":1735909938.0412872,"msg":"loading plugin","tag":"change_cdn_ip_cf","type":"sequence"}
{"level":"info","ts":1735909938.0413208,"msg":"loading plugin","tag":"reject_null_domain","type":"sequence"}
{"level":"info","ts":1735909938.0413404,"msg":"loading plugin","tag":"reject_qtype65","type":"sequence"}
{"level":"info","ts":1735909938.0413506,"msg":"loading plugin","tag":"reject_ad","type":"sequence"}
{"level":"info","ts":1735909938.0413709,"msg":"loading plugin","tag":"dns_nocn","type":"fallback"}
{"level":"info","ts":1735909938.0413835,"msg":"loading plugin","tag":"dns_cn","type":"fallback"}
{"level":"info","ts":1735909938.0413916,"msg":"loading plugin","tag":"dns_nocn_seq","type":"sequence"}
{"level":"info","ts":1735909938.0414054,"msg":"loading plugin","tag":"dns_cn_seq","type":"sequence"}
{"level":"info","ts":1735909938.041418,"msg":"loading plugin","tag":"local_seq","type":"sequence"}
{"level":"info","ts":1735909938.0414295,"msg":"loading plugin","tag":"fallback_seq","type":"sequence"}
{"level":"info","ts":1735909938.0414429,"msg":"loading plugin","tag":"other_seq","type":"sequence"}
{"level":"info","ts":1735909938.0414586,"msg":"loading plugin","tag":"query_cn","type":"sequence"}
{"level":"info","ts":1735909938.0414813,"msg":"loading plugin","tag":"query_nocn","type":"sequence"}
{"level":"info","ts":1735909938.0415683,"msg":"loading plugin","tag":"query_gfw","type":"sequence"}
{"level":"info","ts":1735909938.0415788,"msg":"loading plugin","tag":"query_fallback","type":"sequence"}
{"level":"info","ts":1735909938.0415995,"msg":"loading plugin","tag":"query_lan","type":"sequence"}
{"level":"info","ts":1735909938.0416124,"msg":"loading plugin","tag":"query_other","type":"sequence"}
{"level":"info","ts":1735909938.0416236,"msg":"loading plugin","tag":"pre_handle","type":"sequence"}
{"level":"info","ts":1735909938.0416334,"msg":"loading plugin","tag":"main_handle","type":"sequence"}
{"level":"info","ts":1735909938.041643,"msg":"loading plugin","tag":"has_resp_pre","type":"sequence"}
{"level":"info","ts":1735909938.0416539,"msg":"loading plugin","tag":"has_resp_main","type":"sequence"}
{"level":"info","ts":1735909938.0417356,"msg":"loading plugin","tag":"pre_sequence","type":"sequence"}
{"level":"info","ts":1735909938.041793,"msg":"loading plugin","tag":"main_sequence","type":"sequence"}
{"level":"info","ts":1735909938.0418792,"msg":"loading plugin","tag":"sequence","type":"sequence"}
{"level":"info","ts":1735909938.0418875,"msg":"loading plugin","tag":"udp_server","type":"udp_server"}
{"level":"info","ts":1735909938.0419238,"logger":"udp_server","msg":"udp server started","addr":"[::]:53"}
{"level":"info","ts":1735909938.0419412,"msg":"loading plugin","tag":"tcp_server","type":"tcp_server"}
{"level":"info","ts":1735909938.0419657,"logger":"tcp_server","msg":"tcp server started","addr":"[::]:53","tls":false}
{"level":"info","ts":1735909938.0419755,"msg":"all plugins are loaded"}
{"level":"info","ts":1735909959.4510522,"logger":"fallback_seq.r0","msg":"fallback","uqid":2,"client":"::ffff:10.88.0.1","qname":"hhanclub.top.","qtype":1,"qclass":1,"rcode":0,"elapsed":0.039749028}
{"level":"warn","ts":1735910101.336485,"msg":"signal received","signal":"interrupt"}
{"level":"info","ts":1735910101.336712,"msg":"starting shutdown sequences"}
{"level":"info","ts":1735910101.3367405,"msg":"closing plugin","tag":"reject_ad"}
{"level":"info","ts":1735910101.3367531,"msg":"closing plugin","tag":"query_cn"}
{"level":"info","ts":1735910101.3367631,"msg":"closing plugin","tag":"main_handle"}
{"level":"info","ts":1735910101.3367736,"msg":"closing plugin","tag":"cache_lan"}
{"level":"info","ts":1735910101.3367934,"msg":"closing plugin","tag":"reject_3"}
{"level":"info","ts":1735910101.336803,"msg":"closing plugin","tag":"blackhole_cloudflare"}
{"level":"info","ts":1735910101.3368127,"msg":"closing plugin","tag":"change_cdn_ip_cf"}
{"level":"info","ts":1735910101.3368251,"msg":"closing plugin","tag":"local_seq"}
{"level":"info","ts":1735910101.3368337,"msg":"closing plugin","tag":"nextdns"}
{"level":"info","ts":1735910101.3368475,"msg":"closing plugin","tag":"ali"}
{"level":"info","ts":1735910101.3369954,"msg":"closing plugin","tag":"reject_2"}
{"level":"info","ts":1735910101.3370209,"msg":"closing plugin","tag":"pre_sequence"}
{"level":"info","ts":1735910101.3370314,"msg":"closing plugin","tag":"other_seq"}
{"level":"info","ts":1735910101.3370397,"msg":"closing plugin","tag":"query_nocn"}
{"level":"info","ts":1735910101.3370526,"msg":"closing plugin","tag":"google"}
{"level":"info","ts":1735910101.3371377,"msg":"closing plugin","tag":"query_fallback"}
{"level":"info","ts":1735910101.3371513,"msg":"closing plugin","tag":"has_resp_main"}
{"level":"info","ts":1735910101.3371778,"msg":"closing plugin","tag":"sequence"}
{"level":"info","ts":1735910101.3371937,"msg":"closing plugin","tag":"tcp_server"}
{"level":"info","ts":1735910101.337262,"msg":"closing plugin","tag":"ttl_1m"}
{"level":"info","ts":1735910101.3372743,"msg":"closing plugin","tag":"reject_5"}
{"level":"info","ts":1735910101.337283,"msg":"closing plugin","tag":"reject_qtype65"}
{"level":"info","ts":1735910101.3372903,"msg":"closing plugin","tag":"has_resp_pre"}
{"level":"info","ts":1735910101.3372984,"msg":"closing plugin","tag":"cache_wan"}
{"level":"info","ts":1735910101.337308,"msg":"closing plugin","tag":"ttl_5m"}
{"level":"info","ts":1735910101.3373342,"msg":"closing plugin","tag":"reject_null_domain"}
{"level":"info","ts":1735910101.3373435,"msg":"closing plugin","tag":"query_gfw"}
{"level":"info","ts":1735910101.3373513,"msg":"closing plugin","tag":"query_lan"}
{"level":"info","ts":1735910101.337361,"msg":"closing plugin","tag":"udp_server"}
{"level":"warn","ts":1735910101.3374023,"logger":"udp_server","msg":"read err","error":"read udp [::]:53: use of closed network connection"}
{"level":"info","ts":1735910101.3374336,"msg":"closing plugin","tag":"ttl_1h"}
{"level":"info","ts":1735910101.3374434,"msg":"closing plugin","tag":"cloudflare"}
{"level":"info","ts":1735910101.3374517,"msg":"closing plugin","tag":"dnspod"}
{"level":"info","ts":1735910101.3374622,"msg":"closing plugin","tag":"dns_nocn_seq"}
{"level":"info","ts":1735910101.3374696,"msg":"closing plugin","tag":"dns_cn_seq"}
{"level":"info","ts":1735910101.3374772,"msg":"closing plugin","tag":"fallback_seq"}
{"level":"info","ts":1735910101.3374844,"msg":"closing plugin","tag":"query_other"}
{"level":"info","ts":1735910101.3374915,"msg":"closing plugin","tag":"pre_handle"}
{"level":"info","ts":1735910101.3374999,"msg":"closing plugin","tag":"quad9"}
{"level":"info","ts":1735910101.3375082,"msg":"closing plugin","tag":"local"}
{"level":"info","ts":1735910101.3375173,"msg":"closing plugin","tag":"main_sequence"}
{"level":"info","ts":1735910101.3375256,"msg":"all plugins were closed"}
{"level":"info","ts":1735910101.359027,"msg":"starting api http server","addr":"0.0.0.0:9091"}
{"level":"info","ts":1735910101.359525,"msg":"load config","file":"/app/mosdns/dat_exec.yaml"}
{"level":"info","ts":1735910101.3595676,"msg":"loading plugin","tag":"geoip_private","type":"ip_set"}
{"level":"info","ts":1735910101.3596504,"msg":"loading plugin","tag":"geoip_cn","type":"ip_set"}
{"level":"info","ts":1735910101.3751335,"msg":"loading plugin","tag":"geosite_cn","type":"domain_set"}
{"level":"info","ts":1735910101.4484909,"msg":"loading plugin","tag":"geosite_gfw","type":"domain_set"}
{"level":"info","ts":1735910101.4550557,"msg":"loading plugin","tag":"geosite_location-!cn","type":"domain_set"}
{"level":"info","ts":1735910101.4819088,"msg":"loading plugin","tag":"geosite_ads-all","type":"domain_set"}
{"level":"info","ts":1735910101.4824462,"msg":"loading plugin","tag":"cloudflare_ips","type":"ip_set"}
{"level":"info","ts":1735910101.482506,"msg":"loading plugin","tag":"cache_lan","type":"cache"}
{"level":"info","ts":1735910101.4826329,"msg":"loading plugin","tag":"cache_wan","type":"cache"}
{"level":"info","ts":1735910101.4827042,"msg":"loading plugin","tag":"no_ecs","type":"ecs_handler"}
{"level":"info","ts":1735910101.4827147,"msg":"loading plugin","tag":"ecs_cn","type":"ecs_handler"}
{"level":"info","ts":1735910101.4827304,"msg":"loading plugin","tag":"ttl_1m","type":"sequence"}
{"level":"info","ts":1735910101.482759,"msg":"loading plugin","tag":"ttl_5m","type":"sequence"}
{"level":"info","ts":1735910101.482771,"msg":"loading plugin","tag":"ttl_1h","type":"sequence"}
{"level":"info","ts":1735910101.4832993,"msg":"load config","file":"/app/mosdns/dns.yaml"}
{"level":"info","ts":1735910101.4834068,"msg":"loading plugin","tag":"google","type":"forward"}
{"level":"info","ts":1735910101.483552,"msg":"loading plugin","tag":"cloudflare","type":"forward"}
{"level":"info","ts":1735910101.4836164,"msg":"loading plugin","tag":"nextdns","type":"forward"}
{"level":"info","ts":1735910101.4837222,"msg":"loading plugin","tag":"quad9","type":"forward"}
{"level":"info","ts":1735910101.483795,"msg":"loading plugin","tag":"ali","type":"forward"}
{"level":"info","ts":1735910101.4838998,"msg":"loading plugin","tag":"dnspod","type":"forward"}
{"level":"info","ts":1735910101.483967,"msg":"loading plugin","tag":"local","type":"forward"}
{"level":"info","ts":1735910101.4844356,"msg":"loading plugin","tag":"reject_2","type":"sequence"}
{"level":"info","ts":1735910101.4844673,"msg":"loading plugin","tag":"reject_3","type":"sequence"}
{"level":"info","ts":1735910101.484478,"msg":"loading plugin","tag":"reject_5","type":"sequence"}
{"level":"info","ts":1735910101.4846458,"msg":"load config","file":"/app/mosdns/best_cf.yaml"}
{"level":"info","ts":1735910101.4846592,"msg":"loading plugin","tag":"blackhole_cloudflare","type":"sequence"}
{"level":"info","ts":1735910101.4846792,"msg":"loading plugin","tag":"change_cdn_ip_cf","type":"sequence"}
{"level":"info","ts":1735910101.4847007,"msg":"loading plugin","tag":"reject_null_domain","type":"sequence"}
{"level":"info","ts":1735910101.484713,"msg":"loading plugin","tag":"reject_qtype65","type":"sequence"}
{"level":"info","ts":1735910101.4847224,"msg":"loading plugin","tag":"reject_ad","type":"sequence"}
{"level":"info","ts":1735910101.4847322,"msg":"loading plugin","tag":"dns_nocn","type":"fallback"}
{"level":"info","ts":1735910101.4847395,"msg":"loading plugin","tag":"dns_cn","type":"fallback"}
{"level":"info","ts":1735910101.4847472,"msg":"loading plugin","tag":"dns_nocn_seq","type":"sequence"}
{"level":"info","ts":1735910101.4847572,"msg":"loading plugin","tag":"dns_cn_seq","type":"sequence"}
{"level":"info","ts":1735910101.484766,"msg":"loading plugin","tag":"local_seq","type":"sequence"}
{"level":"info","ts":1735910101.484776,"msg":"loading plugin","tag":"fallback_seq","type":"sequence"}
{"level":"info","ts":1735910101.4847836,"msg":"loading plugin","tag":"other_seq","type":"sequence"}
{"level":"info","ts":1735910101.4847949,"msg":"loading plugin","tag":"query_cn","type":"sequence"}
{"level":"info","ts":1735910101.4848106,"msg":"loading plugin","tag":"query_nocn","type":"sequence"}
{"level":"info","ts":1735910101.4848356,"msg":"loading plugin","tag":"query_gfw","type":"sequence"}
{"level":"info","ts":1735910101.4848447,"msg":"loading plugin","tag":"query_fallback","type":"sequence"}
{"level":"info","ts":1735910101.484861,"msg":"loading plugin","tag":"query_lan","type":"sequence"}
{"level":"info","ts":1735910101.4848704,"msg":"loading plugin","tag":"query_other","type":"sequence"}
{"level":"info","ts":1735910101.484878,"msg":"loading plugin","tag":"pre_handle","type":"sequence"}
{"level":"info","ts":1735910101.484886,"msg":"loading plugin","tag":"main_handle","type":"sequence"}
{"level":"info","ts":1735910101.484893,"msg":"loading plugin","tag":"has_resp_pre","type":"sequence"}
{"level":"info","ts":1735910101.484901,"msg":"loading plugin","tag":"has_resp_main","type":"sequence"}
{"level":"info","ts":1735910101.4849198,"msg":"loading plugin","tag":"pre_sequence","type":"sequence"}
{"level":"info","ts":1735910101.48496,"msg":"loading plugin","tag":"main_sequence","type":"sequence"}
{"level":"info","ts":1735910101.4849808,"msg":"loading plugin","tag":"sequence","type":"sequence"}
{"level":"info","ts":1735910101.484995,"msg":"loading plugin","tag":"udp_server","type":"udp_server"}
{"level":"info","ts":1735910101.485033,"logger":"udp_server","msg":"udp server started","addr":"[::]:53"}
{"level":"info","ts":1735910101.4850528,"msg":"loading plugin","tag":"tcp_server","type":"tcp_server"}
{"level":"info","ts":1735910101.4850762,"logger":"tcp_server","msg":"tcp server started","addr":"[::]:53","tls":false}
{"level":"info","ts":1735910101.485083,"msg":"all plugins are loaded"}
{"level":"info","ts":1735910108.0119574,"logger":"fallback_seq.r0","msg":"fallback","uqid":1,"client":"::ffff:10.88.0.1","qname":"hhanclub.top.","qtype":1,"qclass":1,"rcode":0,"elapsed":0.057258134}
{"level":"info","ts":1735910125.110177,"logger":"fallback_seq.r0","msg":"fallback","uqid":4,"client":"::ffff:10.88.0.1","qname":"tracker.hhanclub.top.","qtype":1,"qclass":1,"rcode":0,"elapsed":0.007485361}
{"level":"warn","ts":1735910231.033339,"msg":"signal received","signal":"interrupt"}
{"level":"info","ts":1735910231.0335622,"msg":"starting shutdown sequences"}
{"level":"info","ts":1735910231.0335832,"msg":"closing plugin","tag":"query_cn"}
{"level":"info","ts":1735910231.0336087,"msg":"closing plugin","tag":"has_resp_pre"}
{"level":"info","ts":1735910231.033623,"msg":"closing plugin","tag":"local"}
{"level":"info","ts":1735910231.033646,"msg":"closing plugin","tag":"reject_5"}
{"level":"info","ts":1735910231.033678,"msg":"closing plugin","tag":"reject_null_domain"}
{"level":"info","ts":1735910231.033688,"msg":"closing plugin","tag":"reject_ad"}
{"level":"info","ts":1735910231.0336962,"msg":"closing plugin","tag":"fallback_seq"}
{"level":"info","ts":1735910231.0337048,"msg":"closing plugin","tag":"query_fallback"}
{"level":"info","ts":1735910231.0337172,"msg":"closing plugin","tag":"cache_wan"}
{"level":"info","ts":1735910231.0337276,"msg":"closing plugin","tag":"ttl_1m"}
{"level":"info","ts":1735910231.0337365,"msg":"closing plugin","tag":"has_resp_main"}
{"level":"info","ts":1735910231.033745,"msg":"closing plugin","tag":"udp_server"}
{"level":"warn","ts":1735910231.0337744,"logger":"udp_server","msg":"read err","error":"read udp [::]:53: use of closed network connection"}
{"level":"info","ts":1735910231.033825,"msg":"closing plugin","tag":"change_cdn_ip_cf"}
{"level":"info","ts":1735910231.0338383,"msg":"closing plugin","tag":"reject_qtype65"}
{"level":"info","ts":1735910231.0338469,"msg":"closing plugin","tag":"local_seq"}
{"level":"info","ts":1735910231.0338547,"msg":"closing plugin","tag":"query_other"}
{"level":"info","ts":1735910231.0338626,"msg":"closing plugin","tag":"google"}
{"level":"info","ts":1735910231.0338733,"msg":"closing plugin","tag":"blackhole_cloudflare"}
{"level":"info","ts":1735910231.0338838,"msg":"closing plugin","tag":"pre_handle"}
{"level":"info","ts":1735910231.033893,"msg":"closing plugin","tag":"tcp_server"}
{"level":"info","ts":1735910231.0339868,"msg":"closing plugin","tag":"ali"}
{"level":"info","ts":1735910231.0341177,"msg":"closing plugin","tag":"other_seq"}
{"level":"info","ts":1735910231.0341313,"msg":"closing plugin","tag":"ttl_1h"}
{"level":"info","ts":1735910231.0341392,"msg":"closing plugin","tag":"dnspod"}
{"level":"info","ts":1735910231.03415,"msg":"closing plugin","tag":"reject_2"}
{"level":"info","ts":1735910231.034158,"msg":"closing plugin","tag":"pre_sequence"}
{"level":"info","ts":1735910231.0341685,"msg":"closing plugin","tag":"dns_cn_seq"}
{"level":"info","ts":1735910231.0341763,"msg":"closing plugin","tag":"query_gfw"}
{"level":"info","ts":1735910231.0341845,"msg":"closing plugin","tag":"cloudflare"}
{"level":"info","ts":1735910231.0341923,"msg":"closing plugin","tag":"reject_3"}
{"level":"info","ts":1735910231.0342019,"msg":"closing plugin","tag":"query_nocn"}
{"level":"info","ts":1735910231.0342112,"msg":"closing plugin","tag":"query_lan"}
{"level":"info","ts":1735910231.0342197,"msg":"closing plugin","tag":"main_handle"}
{"level":"info","ts":1735910231.0342283,"msg":"closing plugin","tag":"ttl_5m"}
{"level":"info","ts":1735910231.0342367,"msg":"closing plugin","tag":"quad9"}
{"level":"info","ts":1735910231.0342455,"msg":"closing plugin","tag":"main_sequence"}
{"level":"info","ts":1735910231.0342538,"msg":"closing plugin","tag":"sequence"}
{"level":"info","ts":1735910231.0342612,"msg":"closing plugin","tag":"cache_lan"}
{"level":"info","ts":1735910231.034284,"msg":"closing plugin","tag":"nextdns"}
{"level":"info","ts":1735910231.0342944,"msg":"closing plugin","tag":"dns_nocn_seq"}
{"level":"info","ts":1735910231.0343022,"msg":"all plugins were closed"}
{"level":"info","ts":1735910231.051808,"msg":"starting api http server","addr":"0.0.0.0:9091"}
{"level":"info","ts":1735910231.0522194,"msg":"load config","file":"/app/mosdns/dat_exec.yaml"}
{"level":"info","ts":1735910231.0522568,"msg":"loading plugin","tag":"geoip_private","type":"ip_set"}
{"level":"info","ts":1735910231.0523157,"msg":"loading plugin","tag":"geoip_cn","type":"ip_set"}
{"level":"info","ts":1735910231.0681646,"msg":"loading plugin","tag":"geosite_cn","type":"domain_set"}
{"level":"info","ts":1735910231.1464293,"msg":"loading plugin","tag":"geosite_gfw","type":"domain_set"}
{"level":"info","ts":1735910231.1492555,"msg":"loading plugin","tag":"geosite_location-!cn","type":"domain_set"}
{"level":"info","ts":1735910231.173772,"msg":"loading plugin","tag":"geosite_ads-all","type":"domain_set"}
{"level":"info","ts":1735910231.1754375,"msg":"loading plugin","tag":"cloudflare_ips","type":"ip_set"}
{"level":"info","ts":1735910231.1756442,"msg":"loading plugin","tag":"cache_lan","type":"cache"}
{"level":"info","ts":1735910231.17601,"msg":"loading plugin","tag":"cache_wan","type":"cache"}
{"level":"info","ts":1735910231.1763072,"msg":"loading plugin","tag":"no_ecs","type":"ecs_handler"}
{"level":"info","ts":1735910231.176353,"msg":"loading plugin","tag":"ecs_cn","type":"ecs_handler"}
{"level":"info","ts":1735910231.1764145,"msg":"loading plugin","tag":"ttl_1m","type":"sequence"}
{"level":"info","ts":1735910231.176509,"msg":"loading plugin","tag":"ttl_5m","type":"sequence"}
{"level":"info","ts":1735910231.1765523,"msg":"loading plugin","tag":"ttl_1h","type":"sequence"}
{"level":"info","ts":1735910231.1779397,"msg":"load config","file":"/app/mosdns/dns.yaml"}
{"level":"info","ts":1735910231.1782188,"msg":"loading plugin","tag":"google","type":"forward"}
{"level":"info","ts":1735910231.178622,"msg":"loading plugin","tag":"cloudflare","type":"forward"}
{"level":"info","ts":1735910231.178818,"msg":"loading plugin","tag":"nextdns","type":"forward"}
{"level":"info","ts":1735910231.179088,"msg":"loading plugin","tag":"quad9","type":"forward"}
{"level":"info","ts":1735910231.1792834,"msg":"loading plugin","tag":"ali","type":"forward"}
{"level":"info","ts":1735910231.179611,"msg":"loading plugin","tag":"dnspod","type":"forward"}
{"level":"info","ts":1735910231.1798162,"msg":"loading plugin","tag":"local","type":"forward"}
{"level":"info","ts":1735910231.1798809,"msg":"loading plugin","tag":"reject_2","type":"sequence"}
{"level":"info","ts":1735910231.1799307,"msg":"loading plugin","tag":"reject_3","type":"sequence"}
{"level":"info","ts":1735910231.179965,"msg":"loading plugin","tag":"reject_5","type":"sequence"}
{"level":"info","ts":1735910231.1803236,"msg":"load config","file":"/app/mosdns/best_cf.yaml"}
{"level":"info","ts":1735910231.1803703,"msg":"loading plugin","tag":"blackhole_cloudflare","type":"sequence"}
{"level":"info","ts":1735910231.1806047,"msg":"loading plugin","tag":"change_cdn_ip_cf","type":"sequence"}
{"level":"info","ts":1735910231.1807752,"msg":"loading plugin","tag":"reject_null_domain","type":"sequence"}
{"level":"info","ts":1735910231.1809206,"msg":"loading plugin","tag":"reject_qtype65","type":"sequence"}
{"level":"info","ts":1735910231.1810505,"msg":"loading plugin","tag":"reject_ad","type":"sequence"}
{"level":"info","ts":1735910231.181142,"msg":"loading plugin","tag":"dns_nocn","type":"fallback"}
{"level":"info","ts":1735910231.181196,"msg":"loading plugin","tag":"dns_cn","type":"fallback"}
{"level":"info","ts":1735910231.18125,"msg":"loading plugin","tag":"dns_nocn_seq","type":"sequence"}
{"level":"info","ts":1735910231.1813061,"msg":"loading plugin","tag":"dns_cn_seq","type":"sequence"}
{"level":"info","ts":1735910231.1813614,"msg":"loading plugin","tag":"local_seq","type":"sequence"}
{"level":"info","ts":1735910231.1814177,"msg":"loading plugin","tag":"fallback_seq","type":"sequence"}
{"level":"info","ts":1735910231.1814723,"msg":"loading plugin","tag":"other_seq","type":"sequence"}
{"level":"info","ts":1735910231.1815312,"msg":"loading plugin","tag":"query_cn","type":"sequence"}
{"level":"info","ts":1735910231.1815968,"msg":"loading plugin","tag":"query_nocn","type":"sequence"}
{"level":"info","ts":1735910231.1816695,"msg":"loading plugin","tag":"query_gfw","type":"sequence"}
{"level":"info","ts":1735910231.1817267,"msg":"loading plugin","tag":"query_fallback","type":"sequence"}
{"level":"info","ts":1735910231.1817927,"msg":"loading plugin","tag":"query_lan","type":"sequence"}
{"level":"info","ts":1735910231.1818504,"msg":"loading plugin","tag":"query_other","type":"sequence"}
{"level":"info","ts":1735910231.1819043,"msg":"loading plugin","tag":"pre_handle","type":"sequence"}
{"level":"info","ts":1735910231.1819596,"msg":"loading plugin","tag":"main_handle","type":"sequence"}
{"level":"info","ts":1735910231.1820135,"msg":"loading plugin","tag":"has_resp_pre","type":"sequence"}
{"level":"info","ts":1735910231.182068,"msg":"loading plugin","tag":"has_resp_main","type":"sequence"}
{"level":"info","ts":1735910231.182147,"msg":"loading plugin","tag":"pre_sequence","type":"sequence"}
{"level":"info","ts":1735910231.182244,"msg":"loading plugin","tag":"main_sequence","type":"sequence"}
{"level":"info","ts":1735910231.1823177,"msg":"loading plugin","tag":"sequence","type":"sequence"}
{"level":"info","ts":1735910231.182371,"msg":"loading plugin","tag":"udp_server","type":"udp_server"}
{"level":"info","ts":1735910231.1824524,"logger":"udp_server","msg":"udp server started","addr":"[::]:53"}
{"level":"info","ts":1735910231.1825185,"msg":"loading plugin","tag":"tcp_server","type":"tcp_server"}
{"level":"info","ts":1735910231.182591,"logger":"tcp_server","msg":"tcp server started","addr":"[::]:53","tls":false}
{"level":"info","ts":1735910231.1826503,"msg":"all plugins are loaded"}
{"level":"warn","ts":1735910547.2518978,"msg":"signal received","signal":"interrupt"}
{"level":"info","ts":1735910547.2521296,"msg":"starting shutdown sequences"}
{"level":"info","ts":1735910547.2522225,"msg":"closing plugin","tag":"google"}
{"level":"info","ts":1735910547.2522545,"msg":"closing plugin","tag":"reject_ad"}
{"level":"info","ts":1735910547.2522655,"msg":"closing plugin","tag":"local_seq"}
{"level":"info","ts":1735910547.2522745,"msg":"closing plugin","tag":"udp_server"}
{"level":"warn","ts":1735910547.2523367,"logger":"udp_server","msg":"read err","error":"read udp [::]:53: use of closed network connection"}
{"level":"info","ts":1735910547.2524476,"msg":"closing plugin","tag":"cloudflare"}
{"level":"info","ts":1735910547.2525132,"msg":"closing plugin","tag":"nextdns"}
{"level":"info","ts":1735910547.25253,"msg":"closing plugin","tag":"quad9"}
{"level":"info","ts":1735910547.2525406,"msg":"closing plugin","tag":"pre_handle"}
{"level":"info","ts":1735910547.252597,"msg":"closing plugin","tag":"reject_2"}
{"level":"info","ts":1735910547.2526174,"msg":"closing plugin","tag":"reject_5"}
{"level":"info","ts":1735910547.2526257,"msg":"closing plugin","tag":"blackhole_cloudflare"}
{"level":"info","ts":1735910547.2526352,"msg":"closing plugin","tag":"query_fallback"}
{"level":"info","ts":1735910547.2526631,"msg":"closing plugin","tag":"ttl_1h"}
{"level":"info","ts":1735910547.2526727,"msg":"closing plugin","tag":"query_cn"}
{"level":"info","ts":1735910547.252682,"msg":"closing plugin","tag":"query_other"}
{"level":"info","ts":1735910547.2526898,"msg":"closing plugin","tag":"has_resp_pre"}
{"level":"info","ts":1735910547.2527003,"msg":"closing plugin","tag":"tcp_server"}
{"level":"info","ts":1735910547.2528164,"msg":"closing plugin","tag":"ttl_5m"}
{"level":"info","ts":1735910547.2528312,"msg":"closing plugin","tag":"ali"}
{"level":"info","ts":1735910547.2528415,"msg":"closing plugin","tag":"reject_3"}
{"level":"info","ts":1735910547.2528498,"msg":"closing plugin","tag":"dns_nocn_seq"}
{"level":"info","ts":1735910547.2528582,"msg":"closing plugin","tag":"fallback_seq"}
{"level":"info","ts":1735910547.2528656,"msg":"closing plugin","tag":"has_resp_main"}
{"level":"info","ts":1735910547.2528753,"msg":"closing plugin","tag":"cache_wan"}
{"level":"info","ts":1735910547.252899,"msg":"closing plugin","tag":"main_handle"}
{"level":"info","ts":1735910547.2529085,"msg":"closing plugin","tag":"main_sequence"}
{"level":"info","ts":1735910547.2529185,"msg":"closing plugin","tag":"sequence"}
{"level":"info","ts":1735910547.2529278,"msg":"closing plugin","tag":"ttl_1m"}
{"level":"info","ts":1735910547.252936,"msg":"closing plugin","tag":"local"}
{"level":"info","ts":1735910547.2529457,"msg":"closing plugin","tag":"reject_qtype65"}
{"level":"info","ts":1735910547.2529547,"msg":"closing plugin","tag":"query_gfw"}
{"level":"info","ts":1735910547.2529626,"msg":"closing plugin","tag":"pre_sequence"}
{"level":"info","ts":1735910547.2529845,"msg":"closing plugin","tag":"cache_lan"}
{"level":"info","ts":1735910547.2530057,"msg":"closing plugin","tag":"dnspod"}
{"level":"info","ts":1735910547.253016,"msg":"closing plugin","tag":"change_cdn_ip_cf"}
{"level":"info","ts":1735910547.253027,"msg":"closing plugin","tag":"reject_null_domain"}
{"level":"info","ts":1735910547.2530355,"msg":"closing plugin","tag":"dns_cn_seq"}
{"level":"info","ts":1735910547.2530732,"msg":"closing plugin","tag":"other_seq"}
{"level":"info","ts":1735910547.2530825,"msg":"closing plugin","tag":"query_nocn"}
{"level":"info","ts":1735910547.2531066,"msg":"closing plugin","tag":"query_lan"}
{"level":"info","ts":1735910547.253116,"msg":"all plugins were closed"}
{"level":"info","ts":1735910547.2764025,"msg":"starting api http server","addr":"0.0.0.0:9091"}
{"level":"info","ts":1735910547.2769315,"msg":"load config","file":"/app/mosdns/dat_exec.yaml"}
{"level":"info","ts":1735910547.276966,"msg":"loading plugin","tag":"geoip_private","type":"ip_set"}
{"level":"info","ts":1735910547.2770402,"msg":"loading plugin","tag":"geoip_cn","type":"ip_set"}
{"level":"info","ts":1735910547.2900057,"msg":"loading plugin","tag":"geosite_cn","type":"domain_set"}
{"level":"info","ts":1735910547.3633578,"msg":"loading plugin","tag":"geosite_gfw","type":"domain_set"}
{"level":"info","ts":1735910547.3662283,"msg":"loading plugin","tag":"geosite_location-!cn","type":"domain_set"}
{"level":"info","ts":1735910547.3821597,"msg":"loading plugin","tag":"geosite_ads-all","type":"domain_set"}
{"level":"info","ts":1735910547.3826714,"msg":"loading plugin","tag":"cloudflare_ips","type":"ip_set"}
{"level":"info","ts":1735910547.3827333,"msg":"loading plugin","tag":"cache_lan","type":"cache"}
{"level":"info","ts":1735910547.382866,"msg":"loading plugin","tag":"cache_wan","type":"cache"}
{"level":"info","ts":1735910547.382962,"msg":"loading plugin","tag":"no_ecs","type":"ecs_handler"}
{"level":"info","ts":1735910547.382986,"msg":"loading plugin","tag":"ecs_cn","type":"ecs_handler"}
{"level":"info","ts":1735910547.3830066,"msg":"loading plugin","tag":"ttl_1m","type":"sequence"}
{"level":"info","ts":1735910547.383054,"msg":"loading plugin","tag":"ttl_5m","type":"sequence"}
{"level":"info","ts":1735910547.3830674,"msg":"loading plugin","tag":"ttl_1h","type":"sequence"}
{"level":"info","ts":1735910547.3835585,"msg":"load config","file":"/app/mosdns/dns.yaml"}
{"level":"info","ts":1735910547.383687,"msg":"loading plugin","tag":"google","type":"forward"}
{"level":"info","ts":1735910547.3838294,"msg":"loading plugin","tag":"cloudflare","type":"forward"}
{"level":"info","ts":1735910547.3838933,"msg":"loading plugin","tag":"nextdns","type":"forward"}
{"level":"info","ts":1735910547.383996,"msg":"loading plugin","tag":"quad9","type":"forward"}
{"level":"info","ts":1735910547.3840642,"msg":"loading plugin","tag":"ali","type":"forward"}
{"level":"info","ts":1735910547.3841827,"msg":"loading plugin","tag":"dnspod","type":"forward"}
{"level":"info","ts":1735910547.384254,"msg":"loading plugin","tag":"local","type":"forward"}
{"level":"info","ts":1735910547.3842728,"msg":"loading plugin","tag":"reject_2","type":"sequence"}
{"level":"info","ts":1735910547.3842902,"msg":"loading plugin","tag":"reject_3","type":"sequence"}
{"level":"info","ts":1735910547.3842998,"msg":"loading plugin","tag":"reject_5","type":"sequence"}
{"level":"info","ts":1735910547.3844416,"msg":"load config","file":"/app/mosdns/best_cf.yaml"}
{"level":"info","ts":1735910547.384453,"msg":"loading plugin","tag":"blackhole_cloudflare","type":"sequence"}
{"level":"info","ts":1735910547.384471,"msg":"loading plugin","tag":"change_cdn_ip_cf","type":"sequence"}
{"level":"info","ts":1735910547.384491,"msg":"loading plugin","tag":"reject_null_domain","type":"sequence"}
{"level":"info","ts":1735910547.3845022,"msg":"loading plugin","tag":"reject_qtype65","type":"sequence"}
{"level":"info","ts":1735910547.384511,"msg":"loading plugin","tag":"reject_ad","type":"sequence"}
{"level":"info","ts":1735910547.3845203,"msg":"loading plugin","tag":"dns_nocn","type":"fallback"}
{"level":"info","ts":1735910547.384528,"msg":"loading plugin","tag":"dns_cn","type":"fallback"}
{"level":"info","ts":1735910547.3845348,"msg":"loading plugin","tag":"dns_nocn_seq","type":"sequence"}
{"level":"info","ts":1735910547.384544,"msg":"loading plugin","tag":"dns_cn_seq","type":"sequence"}
{"level":"info","ts":1735910547.3845522,"msg":"loading plugin","tag":"local_seq","type":"sequence"}
{"level":"info","ts":1735910547.3845863,"msg":"loading plugin","tag":"fallback_seq","type":"sequence"}
{"level":"info","ts":1735910547.3845959,"msg":"loading plugin","tag":"other_seq","type":"sequence"}
{"level":"info","ts":1735910547.3846064,"msg":"loading plugin","tag":"query_cn","type":"sequence"}
{"level":"info","ts":1735910547.384623,"msg":"loading plugin","tag":"query_nocn","type":"sequence"}
{"level":"info","ts":1735910547.384648,"msg":"loading plugin","tag":"query_gfw","type":"sequence"}
{"level":"info","ts":1735910547.3846574,"msg":"loading plugin","tag":"query_fallback","type":"sequence"}
{"level":"info","ts":1735910547.3846712,"msg":"loading plugin","tag":"query_lan","type":"sequence"}
{"level":"info","ts":1735910547.3846805,"msg":"loading plugin","tag":"query_other","type":"sequence"}
{"level":"info","ts":1735910547.3846874,"msg":"loading plugin","tag":"pre_handle","type":"sequence"}
{"level":"info","ts":1735910547.3846955,"msg":"loading plugin","tag":"main_handle","type":"sequence"}
{"level":"info","ts":1735910547.3847024,"msg":"loading plugin","tag":"has_resp_pre","type":"sequence"}
{"level":"info","ts":1735910547.3847098,"msg":"loading plugin","tag":"has_resp_main","type":"sequence"}
{"level":"info","ts":1735910547.3847291,"msg":"loading plugin","tag":"pre_sequence","type":"sequence"}
{"level":"info","ts":1735910547.3847675,"msg":"loading plugin","tag":"main_sequence","type":"sequence"}
{"level":"info","ts":1735910547.3847885,"msg":"loading plugin","tag":"sequence","type":"sequence"}
{"level":"info","ts":1735910547.3848002,"msg":"loading plugin","tag":"udp_server","type":"udp_server"}
{"level":"info","ts":1735910547.3848343,"logger":"udp_server","msg":"udp server started","addr":"[::]:53"}
{"level":"info","ts":1735910547.3848493,"msg":"loading plugin","tag":"tcp_server","type":"tcp_server"}
{"level":"info","ts":1735910547.3848734,"logger":"tcp_server","msg":"tcp server started","addr":"[::]:53","tls":false}
{"level":"info","ts":1735910547.3848798,"msg":"all plugins are loaded"}
{"level":"info","ts":1735910555.9719822,"logger":"fallback_seq.r0","msg":"fallback","uqid":1,"client":"::ffff:10.88.0.1","qname":"hhanclub.top.","qtype":1,"qclass":1,"rcode":0,"elapsed":0.042699029}
{"level":"info","ts":1735910568.6237395,"logger":"fallback_seq.r0","msg":"fallback","uqid":4,"client":"::ffff:10.88.0.1","qname":"tracker.hhanclub.top.","qtype":1,"qclass":1,"rcode":0,"elapsed":0.025744986}
{"level":"warn","ts":1735910792.1443806,"msg":"signal received","signal":"interrupt"}
{"level":"info","ts":1735910792.1446743,"msg":"starting shutdown sequences"}
{"level":"info","ts":1735910792.1447046,"msg":"closing plugin","tag":"ttl_5m"}
{"level":"info","ts":1735910792.1447165,"msg":"closing plugin","tag":"ttl_1h"}
{"level":"info","ts":1735910792.1447268,"msg":"closing plugin","tag":"google"}
{"level":"info","ts":1735910792.144741,"msg":"closing plugin","tag":"nextdns"}
{"level":"info","ts":1735910792.1447527,"msg":"closing plugin","tag":"tcp_server"}
{"level":"info","ts":1735910792.1448977,"msg":"closing plugin","tag":"reject_5"}
{"level":"info","ts":1735910792.1449127,"msg":"closing plugin","tag":"change_cdn_ip_cf"}
{"level":"info","ts":1735910792.144925,"msg":"closing plugin","tag":"other_seq"}
{"level":"info","ts":1735910792.144934,"msg":"closing plugin","tag":"query_cn"}
{"level":"info","ts":1735910792.144943,"msg":"closing plugin","tag":"query_gfw"}
{"level":"info","ts":1735910792.144951,"msg":"closing plugin","tag":"local"}
{"level":"info","ts":1735910792.1449597,"msg":"closing plugin","tag":"pre_sequence"}
{"level":"info","ts":1735910792.1449695,"msg":"closing plugin","tag":"query_fallback"}
{"level":"info","ts":1735910792.1449797,"msg":"closing plugin","tag":"has_resp_pre"}
{"level":"info","ts":1735910792.1449883,"msg":"closing plugin","tag":"has_resp_main"}
{"level":"info","ts":1735910792.1449971,"msg":"closing plugin","tag":"reject_3"}
{"level":"info","ts":1735910792.145005,"msg":"closing plugin","tag":"reject_ad"}
{"level":"info","ts":1735910792.145013,"msg":"closing plugin","tag":"local_seq"}
{"level":"info","ts":1735910792.1450396,"msg":"closing plugin","tag":"query_lan"}
{"level":"info","ts":1735910792.1450484,"msg":"closing plugin","tag":"pre_handle"}
{"level":"info","ts":1735910792.1450574,"msg":"closing plugin","tag":"cache_lan"}
{"level":"info","ts":1735910792.1450667,"msg":"closing plugin","tag":"cache_wan"}
{"level":"info","ts":1735910792.1450756,"msg":"closing plugin","tag":"cloudflare"}
{"level":"info","ts":1735910792.1450841,"msg":"closing plugin","tag":"quad9"}
{"level":"info","ts":1735910792.1450922,"msg":"closing plugin","tag":"reject_2"}
{"level":"info","ts":1735910792.1451004,"msg":"closing plugin","tag":"fallback_seq"}
{"level":"info","ts":1735910792.1451085,"msg":"closing plugin","tag":"udp_server"}
{"level":"warn","ts":1735910792.1451523,"logger":"udp_server","msg":"read err","error":"read udp [::]:53: use of closed network connection"}
{"level":"info","ts":1735910792.1451886,"msg":"closing plugin","tag":"ttl_1m"}
{"level":"info","ts":1735910792.1451983,"msg":"closing plugin","tag":"query_nocn"}
{"level":"info","ts":1735910792.1452074,"msg":"closing plugin","tag":"query_other"}
{"level":"info","ts":1735910792.1452153,"msg":"closing plugin","tag":"main_sequence"}
{"level":"info","ts":1735910792.1452236,"msg":"closing plugin","tag":"dns_nocn_seq"}
{"level":"info","ts":1735910792.1452312,"msg":"closing plugin","tag":"dns_cn_seq"}
{"level":"info","ts":1735910792.1452389,"msg":"closing plugin","tag":"dnspod"}
{"level":"info","ts":1735910792.1452496,"msg":"closing plugin","tag":"blackhole_cloudflare"}
{"level":"info","ts":1735910792.1452584,"msg":"closing plugin","tag":"reject_null_domain"}
{"level":"info","ts":1735910792.1452665,"msg":"closing plugin","tag":"reject_qtype65"}
{"level":"info","ts":1735910792.145275,"msg":"closing plugin","tag":"ali"}
{"level":"info","ts":1735910792.1454067,"msg":"closing plugin","tag":"main_handle"}
{"level":"info","ts":1735910792.1454282,"msg":"closing plugin","tag":"sequence"}
{"level":"info","ts":1735910792.145436,"msg":"all plugins were closed"}
{"level":"info","ts":1735910792.1652584,"msg":"starting api http server","addr":"0.0.0.0:9091"}
{"level":"info","ts":1735910792.1657448,"msg":"load config","file":"/app/mosdns/dat_exec.yaml"}
{"level":"info","ts":1735910792.1657834,"msg":"loading plugin","tag":"geoip_private","type":"ip_set"}
{"level":"info","ts":1735910792.1658518,"msg":"loading plugin","tag":"geoip_cn","type":"ip_set"}
{"level":"info","ts":1735910792.182428,"msg":"loading plugin","tag":"geosite_cn","type":"domain_set"}
{"level":"info","ts":1735910792.2773008,"msg":"loading plugin","tag":"geosite_gfw","type":"domain_set"}
{"level":"info","ts":1735910792.2803264,"msg":"loading plugin","tag":"geosite_location-!cn","type":"domain_set"}
{"level":"info","ts":1735910792.3035448,"msg":"loading plugin","tag":"geosite_ads-all","type":"domain_set"}
{"level":"info","ts":1735910792.3046541,"msg":"loading plugin","tag":"cloudflare_ips","type":"ip_set"}
{"level":"info","ts":1735910792.304737,"msg":"loading plugin","tag":"cache_lan","type":"cache"}
{"level":"info","ts":1735910792.3049114,"msg":"loading plugin","tag":"cache_wan","type":"cache"}
{"level":"info","ts":1735910792.3051124,"msg":"loading plugin","tag":"no_ecs","type":"ecs_handler"}
{"level":"info","ts":1735910792.3051877,"msg":"loading plugin","tag":"ecs_cn","type":"ecs_handler"}
{"level":"info","ts":1735910792.3052607,"msg":"loading plugin","tag":"ttl_1m","type":"sequence"}
{"level":"info","ts":1735910792.3053372,"msg":"loading plugin","tag":"ttl_5m","type":"sequence"}
{"level":"info","ts":1735910792.305401,"msg":"loading plugin","tag":"ttl_1h","type":"sequence"}
{"level":"info","ts":1735910792.306091,"msg":"load config","file":"/app/mosdns/dns.yaml"}
{"level":"info","ts":1735910792.3062801,"msg":"loading plugin","tag":"google","type":"forward"}
{"level":"info","ts":1735910792.306551,"msg":"loading plugin","tag":"cloudflare","type":"forward"}
{"level":"info","ts":1735910792.3066971,"msg":"loading plugin","tag":"nextdns","type":"forward"}
{"level":"info","ts":1735910792.3068945,"msg":"loading plugin","tag":"quad9","type":"forward"}
{"level":"info","ts":1735910792.3070543,"msg":"loading plugin","tag":"ali","type":"forward"}
{"level":"info","ts":1735910792.307247,"msg":"loading plugin","tag":"dnspod","type":"forward"}
{"level":"info","ts":1735910792.3073874,"msg":"loading plugin","tag":"local","type":"forward"}
{"level":"info","ts":1735910792.3074608,"msg":"loading plugin","tag":"reject_2","type":"sequence"}
{"level":"info","ts":1735910792.3075318,"msg":"loading plugin","tag":"reject_3","type":"sequence"}
{"level":"info","ts":1735910792.307593,"msg":"loading plugin","tag":"reject_5","type":"sequence"}
{"level":"info","ts":1735910792.30781,"msg":"load config","file":"/app/mosdns/best_cf.yaml"}
{"level":"info","ts":1735910792.3078802,"msg":"loading plugin","tag":"blackhole_cloudflare","type":"sequence"}
{"level":"info","ts":1735910792.3079479,"msg":"loading plugin","tag":"change_cdn_ip_cf","type":"sequence"}
{"level":"info","ts":1735910792.3080215,"msg":"loading plugin","tag":"reject_null_domain","type":"sequence"}
{"level":"info","ts":1735910792.3080847,"msg":"loading plugin","tag":"reject_qtype65","type":"sequence"}
{"level":"info","ts":1735910792.3081477,"msg":"loading plugin","tag":"reject_ad","type":"sequence"}
{"level":"info","ts":1735910792.308208,"msg":"loading plugin","tag":"dns_nocn","type":"fallback"}
{"level":"info","ts":1735910792.3082652,"msg":"loading plugin","tag":"dns_cn","type":"fallback"}
{"level":"info","ts":1735910792.3083227,"msg":"loading plugin","tag":"dns_nocn_seq","type":"sequence"}
{"level":"info","ts":1735910792.3083823,"msg":"loading plugin","tag":"dns_cn_seq","type":"sequence"}
{"level":"info","ts":1735910792.3084462,"msg":"loading plugin","tag":"local_seq","type":"sequence"}
{"level":"info","ts":1735910792.3085082,"msg":"loading plugin","tag":"fallback_seq","type":"sequence"}
{"level":"info","ts":1735910792.3085806,"msg":"loading plugin","tag":"other_seq","type":"sequence"}
{"level":"info","ts":1735910792.3086455,"msg":"loading plugin","tag":"query_cn","type":"sequence"}
{"level":"info","ts":1735910792.3087149,"msg":"loading plugin","tag":"query_nocn","type":"sequence"}
{"level":"info","ts":1735910792.308789,"msg":"loading plugin","tag":"query_gfw","type":"sequence"}
{"level":"info","ts":1735910792.3088484,"msg":"loading plugin","tag":"query_fallback","type":"sequence"}
{"level":"info","ts":1735910792.3089232,"msg":"loading plugin","tag":"query_lan","type":"sequence"}
{"level":"info","ts":1735910792.3089836,"msg":"loading plugin","tag":"query_other","type":"sequence"}
{"level":"info","ts":1735910792.3090434,"msg":"loading plugin","tag":"pre_handle","type":"sequence"}
{"level":"info","ts":1735910792.3091037,"msg":"loading plugin","tag":"main_handle","type":"sequence"}
{"level":"info","ts":1735910792.3091602,"msg":"loading plugin","tag":"has_resp_pre","type":"sequence"}
{"level":"info","ts":1735910792.3092177,"msg":"loading plugin","tag":"has_resp_main","type":"sequence"}
{"level":"info","ts":1735910792.3092914,"msg":"loading plugin","tag":"pre_sequence","type":"sequence"}
{"level":"info","ts":1735910792.3093898,"msg":"loading plugin","tag":"main_sequence","type":"sequence"}
{"level":"info","ts":1735910792.309464,"msg":"loading plugin","tag":"sequence","type":"sequence"}
{"level":"info","ts":1735910792.309521,"msg":"loading plugin","tag":"udp_server","type":"udp_server"}
{"level":"info","ts":1735910792.3096087,"logger":"udp_server","msg":"udp server started","addr":"[::]:53"}
{"level":"info","ts":1735910792.3096824,"msg":"loading plugin","tag":"tcp_server","type":"tcp_server"}
{"level":"info","ts":1735910792.30976,"logger":"tcp_server","msg":"tcp server started","addr":"[::]:53","tls":false}
{"level":"info","ts":1735910792.3098202,"msg":"all plugins are loaded"}
{"level":"info","ts":1735910870.396395,"logger":"fallback_seq.r0","msg":"fallback","uqid":1,"client":"::ffff:10.88.0.1","qname":"tracker.hhanclub.top.","qtype":1,"qclass":1,"rcode":0,"elapsed":0.049049323}
{"level":"info","ts":1735910873.9245036,"logger":"fallback_seq.r0","msg":"fallback","uqid":2,"client":"::ffff:10.88.0.1","qname":"hhanclub.top.","qtype":1,"qclass":1,"rcode":0,"elapsed":0.007038621}
{"level":"debug","ts":1735911627.6131067,"logger":"cache_wan","msg":"start lazy cache update","query":{"uqid":3,"client":"::ffff:10.88.0.1","qname":"hhanclub.top.","qtype":1,"qclass":1,"elapsed":0.000140663}}
{"level":"info","ts":1735911627.6379294,"logger":"fallback_seq.r0","msg":"fallback","uqid":3,"client":"::ffff:10.88.0.1","qname":"hhanclub.top.","qtype":1,"qclass":1,"rcode":0,"elapsed":0.024967361}
{"level":"debug","ts":1735911627.6380231,"logger":"cache_wan","msg":"lazy cache updated","query":{"uqid":3,"client":"::ffff:10.88.0.1","qname":"hhanclub.top.","qtype":1,"qclass":1,"rcode":0,"elapsed":0.025039966}}
{"level":"debug","ts":1735911667.9742475,"logger":"cache_wan","msg":"start lazy cache update","query":{"uqid":5,"client":"::ffff:10.88.0.1","qname":"tracker.hhanclub.top.","qtype":1,"qclass":1,"elapsed":0.000258027}}
{"level":"info","ts":1735911667.9950538,"logger":"fallback_seq.r0","msg":"fallback","uqid":5,"client":"::ffff:10.88.0.1","qname":"tracker.hhanclub.top.","qtype":1,"qclass":1,"rcode":0,"elapsed":0.021035508}
{"level":"debug","ts":1735911667.9951527,"logger":"cache_wan","msg":"lazy cache updated","query":{"uqid":5,"client":"::ffff:10.88.0.1","qname":"tracker.hhanclub.top.","qtype":1,"qclass":1,"rcode":0,"elapsed":0.021124011}}
{"level":"info","ts":1735911698.511522,"logger":"fallback_seq.r0","msg":"fallback","uqid":6,"client":"::ffff:10.88.0.1","qname":"doc.dalamud.com.","qtype":1,"qclass":1,"rcode":0,"elapsed":0.426028025}
{"level":"info","ts":1735911823.6480196,"logger":"fallback_seq.r0","msg":"fallback","uqid":8,"client":"::ffff:10.88.0.1","qname":"idrac.dalamud.com.","qtype":1,"qclass":1,"rcode":0,"elapsed":0.212831437}
{"level":"warn","ts":1735911823.8091466,"logger":"dnspod","msg":"upstream error","uqid":8,"qname":"idrac.dalamud.com.","qclass":1,"qtype":1,"upstream":"tls://dot.pub","error":"read err, EOF"}
{"level":"warn","ts":1735915244.0859737,"msg":"signal received","signal":"interrupt"}
{"level":"info","ts":1735915244.0861921,"msg":"starting shutdown sequences"}
{"level":"info","ts":1735915244.0862942,"msg":"closing plugin","tag":"query_fallback"}
{"level":"info","ts":1735915244.08632,"msg":"closing plugin","tag":"ttl_1m"}
{"level":"info","ts":1735915244.08633,"msg":"closing plugin","tag":"ttl_1h"}
{"level":"info","ts":1735915244.086339,"msg":"closing plugin","tag":"ali"}
{"level":"info","ts":1735915244.08648,"msg":"closing plugin","tag":"dnspod"}
{"level":"info","ts":1735915244.0864956,"msg":"closing plugin","tag":"reject_3"}
{"level":"info","ts":1735915244.0865054,"msg":"closing plugin","tag":"reject_5"}
{"level":"info","ts":1735915244.086514,"msg":"closing plugin","tag":"fallback_seq"}
{"level":"info","ts":1735915244.0865242,"msg":"closing plugin","tag":"udp_server"}
{"level":"warn","ts":1735915244.0865748,"logger":"udp_server","msg":"read err","error":"read udp [::]:53: use of closed network connection"}
{"level":"info","ts":1735915244.0866256,"msg":"closing plugin","tag":"tcp_server"}
{"level":"info","ts":1735915244.0866983,"msg":"closing plugin","tag":"cloudflare"}
{"level":"info","ts":1735915244.0867105,"msg":"closing plugin","tag":"nextdns"}
{"level":"info","ts":1735915244.08672,"msg":"closing plugin","tag":"reject_2"}
{"level":"info","ts":1735915244.0867283,"msg":"closing plugin","tag":"ttl_5m"}
{"level":"info","ts":1735915244.0867364,"msg":"closing plugin","tag":"quad9"}
{"level":"info","ts":1735915244.0867462,"msg":"closing plugin","tag":"local"}
{"level":"info","ts":1735915244.0867555,"msg":"closing plugin","tag":"blackhole_cloudflare"}
{"level":"info","ts":1735915244.0867674,"msg":"closing plugin","tag":"query_other"}
{"level":"info","ts":1735915244.0867755,"msg":"closing plugin","tag":"pre_sequence"}
{"level":"info","ts":1735915244.0867867,"msg":"closing plugin","tag":"query_gfw"}
{"level":"info","ts":1735915244.0867946,"msg":"closing plugin","tag":"has_resp_main"}
{"level":"info","ts":1735915244.0868044,"msg":"closing plugin","tag":"has_resp_pre"}
{"level":"info","ts":1735915244.086813,"msg":"closing plugin","tag":"google"}
{"level":"info","ts":1735915244.0868454,"msg":"closing plugin","tag":"change_cdn_ip_cf"}
{"level":"info","ts":1735915244.0868556,"msg":"closing plugin","tag":"dns_nocn_seq"}
{"level":"info","ts":1735915244.0868638,"msg":"closing plugin","tag":"local_seq"}
{"level":"info","ts":1735915244.0868716,"msg":"closing plugin","tag":"pre_handle"}
{"level":"info","ts":1735915244.086879,"msg":"closing plugin","tag":"sequence"}
{"level":"info","ts":1735915244.086889,"msg":"closing plugin","tag":"cache_lan"}
{"level":"info","ts":1735915244.0868995,"msg":"closing plugin","tag":"reject_qtype65"}
{"level":"info","ts":1735915244.0869074,"msg":"closing plugin","tag":"main_sequence"}
{"level":"info","ts":1735915244.0869164,"msg":"closing plugin","tag":"reject_null_domain"}
{"level":"info","ts":1735915244.0869243,"msg":"closing plugin","tag":"dns_cn_seq"}
{"level":"info","ts":1735915244.0869317,"msg":"closing plugin","tag":"other_seq"}
{"level":"info","ts":1735915244.0869393,"msg":"closing plugin","tag":"query_nocn"}
{"level":"info","ts":1735915244.0869496,"msg":"closing plugin","tag":"cache_wan"}
{"level":"info","ts":1735915244.0869584,"msg":"closing plugin","tag":"reject_ad"}
{"level":"info","ts":1735915244.0869663,"msg":"closing plugin","tag":"query_cn"}
{"level":"info","ts":1735915244.086974,"msg":"closing plugin","tag":"query_lan"}
{"level":"info","ts":1735915244.0869837,"msg":"closing plugin","tag":"main_handle"}
{"level":"info","ts":1735915244.0869913,"msg":"all plugins were closed"}
{"level":"info","ts":1735915426.9329712,"msg":"starting api http server","addr":"0.0.0.0:9091"}
{"level":"info","ts":1735915426.9336865,"msg":"load config","file":"/app/mosdns/dat_exec.yaml"}
{"level":"info","ts":1735915426.9337347,"msg":"loading plugin","tag":"geoip_private","type":"ip_set"}
{"level":"info","ts":1735915426.9338229,"msg":"loading plugin","tag":"geoip_cn","type":"ip_set"}
{"level":"info","ts":1735915426.9545481,"msg":"loading plugin","tag":"geosite_cn","type":"domain_set"}
{"level":"info","ts":1735915427.0434985,"msg":"loading plugin","tag":"geosite_gfw","type":"domain_set"}
{"level":"info","ts":1735915427.0461853,"msg":"loading plugin","tag":"geosite_location-!cn","type":"domain_set"}
{"level":"info","ts":1735915427.0716918,"msg":"loading plugin","tag":"geosite_ads-all","type":"domain_set"}
{"level":"info","ts":1735915427.0734982,"msg":"loading plugin","tag":"cloudflare_cidr","type":"ip_set"}
{"level":"info","ts":1735915427.073622,"msg":"loading plugin","tag":"cache_lan","type":"cache"}
{"level":"info","ts":1735915427.073905,"msg":"loading plugin","tag":"cache_wan","type":"cache"}
{"level":"info","ts":1735915427.0740864,"msg":"loading plugin","tag":"no_ecs","type":"ecs_handler"}
{"level":"info","ts":1735915427.0741184,"msg":"loading plugin","tag":"ecs_cn","type":"ecs_handler"}
{"level":"info","ts":1735915427.074143,"msg":"loading plugin","tag":"ttl_1m","type":"sequence"}
{"level":"info","ts":1735915427.074179,"msg":"loading plugin","tag":"ttl_5m","type":"sequence"}
{"level":"info","ts":1735915427.0741985,"msg":"loading plugin","tag":"ttl_1h","type":"sequence"}
{"level":"info","ts":1735915427.075098,"msg":"load config","file":"/app/mosdns/dns.yaml"}
{"level":"info","ts":1735915427.0752747,"msg":"loading plugin","tag":"google","type":"forward"}
{"level":"info","ts":1735915427.0755856,"msg":"loading plugin","tag":"cloudflare","type":"forward"}
{"level":"info","ts":1735915427.075705,"msg":"loading plugin","tag":"nextdns","type":"forward"}
{"level":"info","ts":1735915427.0758758,"msg":"loading plugin","tag":"quad9","type":"forward"}
{"level":"info","ts":1735915427.0760033,"msg":"loading plugin","tag":"ali","type":"forward"}
{"level":"info","ts":1735915427.0762343,"msg":"loading plugin","tag":"dnspod","type":"forward"}
{"level":"info","ts":1735915427.076367,"msg":"loading plugin","tag":"local","type":"forward"}
{"level":"info","ts":1735915427.0764096,"msg":"loading plugin","tag":"reject_2","type":"sequence"}
{"level":"info","ts":1735915427.0764399,"msg":"loading plugin","tag":"reject_3","type":"sequence"}
{"level":"info","ts":1735915427.0764694,"msg":"loading plugin","tag":"reject_5","type":"sequence"}
{"level":"info","ts":1735915427.0766737,"msg":"load config","file":"/app/mosdns/best_cf.yaml"}
{"level":"info","ts":1735915427.0767086,"msg":"loading plugin","tag":"blackhole_cloudflare","type":"sequence"}
{"level":"info","ts":1735915427.0767393,"msg":"loading plugin","tag":"reject_null_domain","type":"sequence"}
{"level":"info","ts":1735915427.0767624,"msg":"loading plugin","tag":"reject_qtype65","type":"sequence"}
{"level":"info","ts":1735915427.0767798,"msg":"loading plugin","tag":"reject_ad","type":"sequence"}
{"level":"info","ts":1735915427.076799,"msg":"loading plugin","tag":"dns_nocn","type":"fallback"}
{"level":"info","ts":1735915427.076848,"msg":"loading plugin","tag":"dns_cn","type":"fallback"}
{"level":"info","ts":1735915427.0768678,"msg":"loading plugin","tag":"dns_nocn_seq","type":"sequence"}
{"level":"info","ts":1735915427.0768862,"msg":"loading plugin","tag":"dns_cn_seq","type":"sequence"}
{"level":"info","ts":1735915427.076906,"msg":"loading plugin","tag":"local_seq","type":"sequence"}
{"level":"info","ts":1735915427.0769246,"msg":"loading plugin","tag":"fallback_seq","type":"sequence"}
{"level":"info","ts":1735915427.0769405,"msg":"loading plugin","tag":"other_seq","type":"sequence"}
{"level":"info","ts":1735915427.0769613,"msg":"loading plugin","tag":"query_cn","type":"sequence"}
{"level":"info","ts":1735915427.0769954,"msg":"loading plugin","tag":"query_nocn","type":"sequence"}
{"level":"info","ts":1735915427.077031,"msg":"loading plugin","tag":"query_gfw","type":"sequence"}
{"level":"info","ts":1735915427.0770462,"msg":"loading plugin","tag":"query_fallback","type":"sequence"}
{"level":"info","ts":1735915427.0770752,"msg":"loading plugin","tag":"query_lan","type":"sequence"}
{"level":"info","ts":1735915427.077094,"msg":"loading plugin","tag":"query_other","type":"sequence"}
{"level":"info","ts":1735915427.077109,"msg":"loading plugin","tag":"pre_handle","type":"sequence"}
{"level":"info","ts":1735915427.0771255,"msg":"loading plugin","tag":"main_handle","type":"sequence"}
{"level":"info","ts":1735915427.0771396,"msg":"loading plugin","tag":"has_resp_pre","type":"sequence"}
{"level":"info","ts":1735915427.0771606,"msg":"loading plugin","tag":"has_resp_main","type":"sequence"}
{"level":"info","ts":1735915427.0772092,"msg":"loading plugin","tag":"pre_sequence","type":"sequence"}
{"level":"info","ts":1735915427.0772884,"msg":"loading plugin","tag":"main_sequence","type":"sequence"}
{"level":"info","ts":1735915427.0774338,"msg":"loading plugin","tag":"sequence","type":"sequence"}
{"level":"info","ts":1735915427.0775282,"msg":"loading plugin","tag":"udp_server","type":"udp_server"}
{"level":"info","ts":1735915427.0776803,"logger":"udp_server","msg":"udp server started","addr":"[::]:53"}
{"level":"info","ts":1735915427.0777864,"msg":"loading plugin","tag":"tcp_server","type":"tcp_server"}
{"level":"info","ts":1735915427.0779018,"logger":"tcp_server","msg":"tcp server started","addr":"[::]:53","tls":false}
{"level":"info","ts":1735915427.0779893,"msg":"all plugins are loaded"}
{"level":"info","ts":1735915439.992971,"logger":"fallback_seq.r0","msg":"fallback","uqid":1,"client":"::ffff:10.88.0.1","qname":"tracker.hhanclub.top.","qtype":1,"qclass":1,"rcode":0,"elapsed":0.046690112}
{"level":"info","ts":1735915449.0948155,"logger":"fallback_seq.r0","msg":"fallback","uqid":2,"client":"::ffff:10.88.0.1","qname":"hhanclub.top.","qtype":1,"qclass":1,"rcode":0,"elapsed":0.008203803}
{"level":"warn","ts":1735915540.9953973,"msg":"signal received","signal":"interrupt"}
{"level":"info","ts":1735915540.9955118,"msg":"starting shutdown sequences"}
{"level":"info","ts":1735915540.9955208,"msg":"closing plugin","tag":"google"}
{"level":"info","ts":1735915540.995529,"msg":"closing plugin","tag":"nextdns"}
{"level":"info","ts":1735915540.9955332,"msg":"closing plugin","tag":"dnspod"}
{"level":"info","ts":1735915540.9955387,"msg":"closing plugin","tag":"reject_3"}
{"level":"info","ts":1735915540.9955425,"msg":"closing plugin","tag":"reject_null_domain"}
{"level":"info","ts":1735915540.9955564,"msg":"closing plugin","tag":"local_seq"}
{"level":"info","ts":1735915540.9955604,"msg":"closing plugin","tag":"has_resp_main"}
{"level":"info","ts":1735915540.9955647,"msg":"closing plugin","tag":"other_seq"}
{"level":"info","ts":1735915540.9955676,"msg":"closing plugin","tag":"query_fallback"}
{"level":"info","ts":1735915540.995577,"msg":"closing plugin","tag":"blackhole_cloudflare"}
{"level":"info","ts":1735915540.9955816,"msg":"closing plugin","tag":"reject_ad"}
{"level":"info","ts":1735915540.9955845,"msg":"closing plugin","tag":"query_gfw"}
{"level":"info","ts":1735915540.9955873,"msg":"closing plugin","tag":"main_handle"}
{"level":"info","ts":1735915540.9956028,"msg":"closing plugin","tag":"has_resp_pre"}
{"level":"info","ts":1735915540.9956107,"msg":"closing plugin","tag":"cloudflare"}
{"level":"info","ts":1735915540.9956143,"msg":"closing plugin","tag":"reject_2"}
{"level":"info","ts":1735915540.9956167,"msg":"closing plugin","tag":"reject_qtype65"}
{"level":"info","ts":1735915540.9956193,"msg":"closing plugin","tag":"dns_cn_seq"}
{"level":"info","ts":1735915540.995622,"msg":"closing plugin","tag":"query_lan"}
{"level":"info","ts":1735915540.9956257,"msg":"closing plugin","tag":"ali"}
{"level":"info","ts":1735915540.995714,"msg":"closing plugin","tag":"pre_handle"}
{"level":"info","ts":1735915540.9957783,"msg":"closing plugin","tag":"pre_sequence"}
{"level":"info","ts":1735915540.9958007,"msg":"closing plugin","tag":"main_sequence"}
{"level":"info","ts":1735915540.9958107,"msg":"closing plugin","tag":"ttl_1h"}
{"level":"info","ts":1735915540.9958186,"msg":"closing plugin","tag":"quad9"}
{"level":"info","ts":1735915540.9958282,"msg":"closing plugin","tag":"ttl_1m"}
{"level":"info","ts":1735915540.9958365,"msg":"closing plugin","tag":"dns_nocn_seq"}
{"level":"info","ts":1735915540.9958446,"msg":"closing plugin","tag":"query_nocn"}
{"level":"info","ts":1735915540.9958687,"msg":"closing plugin","tag":"query_other"}
{"level":"info","ts":1735915540.9958794,"msg":"closing plugin","tag":"tcp_server"}
{"level":"info","ts":1735915540.9959764,"msg":"closing plugin","tag":"fallback_seq"}
{"level":"info","ts":1735915540.9959903,"msg":"closing plugin","tag":"local"}
{"level":"info","ts":1735915540.9960015,"msg":"closing plugin","tag":"cache_wan"}
{"level":"info","ts":1735915540.9960115,"msg":"closing plugin","tag":"ttl_5m"}
{"level":"info","ts":1735915540.9960196,"msg":"closing plugin","tag":"reject_5"}
{"level":"info","ts":1735915540.9960275,"msg":"closing plugin","tag":"query_cn"}
{"level":"info","ts":1735915540.9960353,"msg":"closing plugin","tag":"sequence"}
{"level":"info","ts":1735915540.9960437,"msg":"closing plugin","tag":"udp_server"}
{"level":"warn","ts":1735915540.9961052,"logger":"udp_server","msg":"read err","error":"read udp [::]:53: use of closed network connection"}
{"level":"info","ts":1735915540.996148,"msg":"closing plugin","tag":"cache_lan"}
{"level":"info","ts":1735915540.99616,"msg":"all plugins were closed"}
{"level":"info","ts":1735915541.017648,"msg":"starting api http server","addr":"0.0.0.0:9091"}
{"level":"info","ts":1735915541.0183604,"msg":"load config","file":"/app/mosdns/dat_exec.yaml"}
{"level":"info","ts":1735915541.0183914,"msg":"loading plugin","tag":"geoip_private","type":"ip_set"}
{"level":"info","ts":1735915541.0184803,"msg":"loading plugin","tag":"geoip_cn","type":"ip_set"}
{"level":"info","ts":1735915541.0339863,"msg":"loading plugin","tag":"geosite_cn","type":"domain_set"}
{"level":"info","ts":1735915541.1116533,"msg":"loading plugin","tag":"geosite_gfw","type":"domain_set"}
{"level":"info","ts":1735915541.1147993,"msg":"loading plugin","tag":"geosite_location-!cn","type":"domain_set"}
{"level":"info","ts":1735915541.1373549,"msg":"loading plugin","tag":"geosite_ads-all","type":"domain_set"}
{"level":"info","ts":1735915541.1398206,"msg":"loading plugin","tag":"cloudflare_cidr","type":"ip_set"}
{"level":"info","ts":1735915541.1399632,"msg":"loading plugin","tag":"cache_lan","type":"cache"}
{"level":"info","ts":1735915541.1402683,"msg":"loading plugin","tag":"cache_wan","type":"cache"}
{"level":"info","ts":1735915541.1404994,"msg":"loading plugin","tag":"no_ecs","type":"ecs_handler"}
{"level":"info","ts":1735915541.1405427,"msg":"loading plugin","tag":"ecs_cn","type":"ecs_handler"}
{"level":"info","ts":1735915541.1405923,"msg":"loading plugin","tag":"ttl_1m","type":"sequence"}
{"level":"info","ts":1735915541.1406505,"msg":"loading plugin","tag":"ttl_5m","type":"sequence"}
{"level":"info","ts":1735915541.1406739,"msg":"loading plugin","tag":"ttl_1h","type":"sequence"}
{"level":"info","ts":1735915541.1419733,"msg":"load config","file":"/app/mosdns/dns.yaml"}
{"level":"info","ts":1735915541.1422129,"msg":"loading plugin","tag":"google","type":"forward"}
{"level":"info","ts":1735915541.1425395,"msg":"loading plugin","tag":"cloudflare","type":"forward"}
{"level":"info","ts":1735915541.1427498,"msg":"loading plugin","tag":"nextdns","type":"forward"}
{"level":"info","ts":1735915541.1430178,"msg":"loading plugin","tag":"quad9","type":"forward"}
{"level":"info","ts":1735915541.1431777,"msg":"loading plugin","tag":"ali","type":"forward"}
{"level":"info","ts":1735915541.1434095,"msg":"loading plugin","tag":"dnspod","type":"forward"}
{"level":"info","ts":1735915541.1435678,"msg":"loading plugin","tag":"local","type":"forward"}
{"level":"info","ts":1735915541.1436203,"msg":"loading plugin","tag":"reject_2","type":"sequence"}
{"level":"info","ts":1735915541.1436627,"msg":"loading plugin","tag":"reject_3","type":"sequence"}
{"level":"info","ts":1735915541.143683,"msg":"loading plugin","tag":"reject_5","type":"sequence"}
{"level":"info","ts":1735915541.143885,"msg":"load config","file":"/app/mosdns/best_cf.yaml"}
{"level":"info","ts":1735915541.1439378,"msg":"loading plugin","tag":"blackhole_cloudflare","type":"sequence"}
{"level":"info","ts":1735915541.1439776,"msg":"loading plugin","tag":"reject_null_domain","type":"sequence"}
{"level":"info","ts":1735915541.144004,"msg":"loading plugin","tag":"reject_qtype65","type":"sequence"}
{"level":"info","ts":1735915541.144025,"msg":"loading plugin","tag":"reject_ad","type":"sequence"}
{"level":"info","ts":1735915541.1440449,"msg":"loading plugin","tag":"dns_nocn","type":"fallback"}
{"level":"info","ts":1735915541.144062,"msg":"loading plugin","tag":"dns_cn","type":"fallback"}
{"level":"info","ts":1735915541.1440787,"msg":"loading plugin","tag":"dns_nocn_seq","type":"sequence"}
{"level":"info","ts":1735915541.144099,"msg":"loading plugin","tag":"dns_cn_seq","type":"sequence"}
{"level":"info","ts":1735915541.144118,"msg":"loading plugin","tag":"local_seq","type":"sequence"}
{"level":"info","ts":1735915541.1441398,"msg":"loading plugin","tag":"fallback_seq","type":"sequence"}
{"level":"info","ts":1735915541.14416,"msg":"loading plugin","tag":"other_seq","type":"sequence"}
{"level":"info","ts":1735915541.1441846,"msg":"loading plugin","tag":"query_cn","type":"sequence"}
{"level":"info","ts":1735915541.144225,"msg":"loading plugin","tag":"query_nocn","type":"sequence"}
{"level":"info","ts":1735915541.1442654,"msg":"loading plugin","tag":"query_gfw","type":"sequence"}
{"level":"info","ts":1735915541.1442842,"msg":"loading plugin","tag":"query_fallback","type":"sequence"}
{"level":"info","ts":1735915541.1443212,"msg":"loading plugin","tag":"query_lan","type":"sequence"}
{"level":"info","ts":1735915541.1443439,"msg":"loading plugin","tag":"query_other","type":"sequence"}
{"level":"info","ts":1735915541.1443613,"msg":"loading plugin","tag":"pre_handle","type":"sequence"}
{"level":"info","ts":1735915541.1443794,"msg":"loading plugin","tag":"main_handle","type":"sequence"}
{"level":"info","ts":1735915541.1443954,"msg":"loading plugin","tag":"has_resp_pre","type":"sequence"}
{"level":"info","ts":1735915541.1444213,"msg":"loading plugin","tag":"has_resp_main","type":"sequence"}
{"level":"info","ts":1735915541.144479,"msg":"loading plugin","tag":"pre_sequence","type":"sequence"}
{"level":"info","ts":1735915541.1445625,"msg":"loading plugin","tag":"main_sequence","type":"sequence"}
{"level":"info","ts":1735915541.144663,"msg":"loading plugin","tag":"sequence","type":"sequence"}
{"level":"info","ts":1735915541.1447043,"msg":"loading plugin","tag":"udp_server","type":"udp_server"}
{"level":"info","ts":1735915541.14476,"logger":"udp_server","msg":"udp server started","addr":"[::]:53"}
{"level":"info","ts":1735915541.1447911,"msg":"loading plugin","tag":"tcp_server","type":"tcp_server"}
{"level":"info","ts":1735915541.1448348,"logger":"tcp_server","msg":"tcp server started","addr":"[::]:53","tls":false}
{"level":"info","ts":1735915541.1448476,"msg":"all plugins are loaded"}
{"level":"info","ts":1735915551.8847206,"logger":"fallback_seq.r0","msg":"fallback","uqid":1,"client":"::ffff:10.88.0.1","qname":"hhanclub.top.","qtype":1,"qclass":1,"rcode":0,"elapsed":0.032071788}
{"level":"info","ts":1735915562.9737153,"logger":"fallback_seq.r0","msg":"fallback","uqid":4,"client":"::ffff:10.88.0.1","qname":"tracker.hhanclub.top.","qtype":1,"qclass":1,"rcode":0,"elapsed":0.008296585}
{"level":"info","ts":1735915598.4575338,"logger":"fallback_seq.r0","msg":"fallback","uqid":5,"client":"::ffff:10.88.0.1","qname":"pt.btschool.club.","qtype":1,"qclass":1,"rcode":0,"elapsed":0.02307878}
{"level":"warn","ts":1735915716.772981,"msg":"signal received","signal":"interrupt"}
{"level":"info","ts":1735915716.7732694,"msg":"starting shutdown sequences"}
{"level":"info","ts":1735915716.7733626,"msg":"closing plugin","tag":"ttl_1m"}
{"level":"info","ts":1735915716.7733905,"msg":"closing plugin","tag":"query_cn"}
{"level":"info","ts":1735915716.7734113,"msg":"closing plugin","tag":"tcp_server"}
{"level":"info","ts":1735915716.7735438,"msg":"closing plugin","tag":"ali"}
{"level":"info","ts":1735915716.7736719,"msg":"closing plugin","tag":"reject_3"}
{"level":"info","ts":1735915716.7737412,"msg":"closing plugin","tag":"other_seq"}
{"level":"info","ts":1735915716.773784,"msg":"closing plugin","tag":"ttl_1h"}
{"level":"info","ts":1735915716.7738237,"msg":"closing plugin","tag":"dns_nocn_seq"}
{"level":"info","ts":1735915716.7738547,"msg":"closing plugin","tag":"query_gfw"}
{"level":"info","ts":1735915716.7738857,"msg":"closing plugin","tag":"has_resp_pre"}
{"level":"info","ts":1735915716.773929,"msg":"closing plugin","tag":"pre_sequence"}
{"level":"info","ts":1735915716.773967,"msg":"closing plugin","tag":"reject_null_domain"}
{"level":"info","ts":1735915716.7740097,"msg":"closing plugin","tag":"reject_ad"}
{"level":"info","ts":1735915716.774047,"msg":"closing plugin","tag":"fallback_seq"}
{"level":"info","ts":1735915716.7741094,"msg":"closing plugin","tag":"main_handle"}
{"level":"info","ts":1735915716.7741492,"msg":"closing plugin","tag":"has_resp_main"}
{"level":"info","ts":1735915716.7741957,"msg":"closing plugin","tag":"sequence"}
{"level":"info","ts":1735915716.7742465,"msg":"closing plugin","tag":"udp_server"}
{"level":"warn","ts":1735915716.77431,"logger":"udp_server","msg":"read err","error":"read udp [::]:53: use of closed network connection"}
{"level":"info","ts":1735915716.7743788,"msg":"closing plugin","tag":"cloudflare"}
{"level":"info","ts":1735915716.7744431,"msg":"closing plugin","tag":"quad9"}
{"level":"info","ts":1735915716.7744823,"msg":"closing plugin","tag":"local"}
{"level":"info","ts":1735915716.7745292,"msg":"closing plugin","tag":"reject_2"}
{"level":"info","ts":1735915716.7745695,"msg":"closing plugin","tag":"local_seq"}
{"level":"info","ts":1735915716.7746146,"msg":"closing plugin","tag":"query_nocn"}
{"level":"info","ts":1735915716.7746606,"msg":"closing plugin","tag":"google"}
{"level":"info","ts":1735915716.77471,"msg":"closing plugin","tag":"nextdns"}
{"level":"info","ts":1735915716.774751,"msg":"closing plugin","tag":"reject_qtype65"}
{"level":"info","ts":1735915716.7748032,"msg":"closing plugin","tag":"dns_cn_seq"}
{"level":"info","ts":1735915716.7748423,"msg":"closing plugin","tag":"query_fallback"}
{"level":"info","ts":1735915716.7748942,"msg":"closing plugin","tag":"cache_lan"}
{"level":"info","ts":1735915716.7749355,"msg":"closing plugin","tag":"cache_wan"}
{"level":"info","ts":1735915716.7749832,"msg":"closing plugin","tag":"dnspod"}
{"level":"info","ts":1735915716.7750366,"msg":"closing plugin","tag":"blackhole_cloudflare"}
{"level":"info","ts":1735915716.7750854,"msg":"closing plugin","tag":"query_lan"}
{"level":"info","ts":1735915716.7751265,"msg":"closing plugin","tag":"query_other"}
{"level":"info","ts":1735915716.7751732,"msg":"closing plugin","tag":"ttl_5m"}
{"level":"info","ts":1735915716.7752125,"msg":"closing plugin","tag":"reject_5"}
{"level":"info","ts":1735915716.7752578,"msg":"closing plugin","tag":"pre_handle"}
{"level":"info","ts":1735915716.775297,"msg":"closing plugin","tag":"main_sequence"}
{"level":"info","ts":1735915716.7753432,"msg":"all plugins were closed"}
{"level":"info","ts":1735915716.7978458,"msg":"starting api http server","addr":"0.0.0.0:9091"}
{"level":"info","ts":1735915716.798384,"msg":"load config","file":"/app/mosdns/dat_exec.yaml"}
{"level":"info","ts":1735915716.7984157,"msg":"loading plugin","tag":"geoip_private","type":"ip_set"}
{"level":"info","ts":1735915716.798482,"msg":"loading plugin","tag":"geoip_cn","type":"ip_set"}
{"level":"info","ts":1735915716.8141515,"msg":"loading plugin","tag":"geosite_cn","type":"domain_set"}
{"level":"info","ts":1735915716.906258,"msg":"loading plugin","tag":"geosite_gfw","type":"domain_set"}
{"level":"info","ts":1735915716.908979,"msg":"loading plugin","tag":"geosite_location-!cn","type":"domain_set"}
{"level":"info","ts":1735915716.936293,"msg":"loading plugin","tag":"geosite_ads-all","type":"domain_set"}
{"level":"info","ts":1735915716.9378967,"msg":"loading plugin","tag":"cloudflare_cidr","type":"ip_set"}
{"level":"info","ts":1735915716.9379916,"msg":"loading plugin","tag":"cache_lan","type":"cache"}
{"level":"info","ts":1735915716.9381971,"msg":"loading plugin","tag":"cache_wan","type":"cache"}
{"level":"info","ts":1735915716.9383793,"msg":"loading plugin","tag":"no_ecs","type":"ecs_handler"}
{"level":"info","ts":1735915716.9384034,"msg":"loading plugin","tag":"ecs_cn","type":"ecs_handler"}
{"level":"info","ts":1735915716.938424,"msg":"loading plugin","tag":"ttl_1m","type":"sequence"}
{"level":"info","ts":1735915716.9384606,"msg":"loading plugin","tag":"ttl_5m","type":"sequence"}
{"level":"info","ts":1735915716.9384766,"msg":"loading plugin","tag":"ttl_1h","type":"sequence"}
{"level":"info","ts":1735915716.9393508,"msg":"load config","file":"/app/mosdns/dns.yaml"}
{"level":"info","ts":1735915716.9395216,"msg":"loading plugin","tag":"google","type":"forward"}
{"level":"info","ts":1735915716.939753,"msg":"loading plugin","tag":"cloudflare","type":"forward"}
{"level":"info","ts":1735915716.93985,"msg":"loading plugin","tag":"nextdns","type":"forward"}
{"level":"info","ts":1735915716.940003,"msg":"loading plugin","tag":"quad9","type":"forward"}
{"level":"info","ts":1735915716.9401257,"msg":"loading plugin","tag":"ali","type":"forward"}
{"level":"info","ts":1735915716.940311,"msg":"loading plugin","tag":"dnspod","type":"forward"}
{"level":"info","ts":1735915716.9404187,"msg":"loading plugin","tag":"local","type":"forward"}
{"level":"info","ts":1735915716.940457,"msg":"loading plugin","tag":"reject_2","type":"sequence"}
{"level":"info","ts":1735915716.9404829,"msg":"loading plugin","tag":"reject_3","type":"sequence"}
{"level":"info","ts":1735915716.940496,"msg":"loading plugin","tag":"reject_5","type":"sequence"}
{"level":"info","ts":1735915716.9406667,"msg":"load config","file":"/app/mosdns/best_cf.yaml"}
{"level":"info","ts":1735915716.9406948,"msg":"loading plugin","tag":"blackhole_cloudflare","type":"sequence"}
{"level":"info","ts":1735915716.9407196,"msg":"loading plugin","tag":"reject_null_domain","type":"sequence"}
{"level":"info","ts":1735915716.9407377,"msg":"loading plugin","tag":"reject_qtype65","type":"sequence"}
{"level":"info","ts":1735915716.940752,"msg":"loading plugin","tag":"reject_ad","type":"sequence"}
{"level":"info","ts":1735915716.9407654,"msg":"loading plugin","tag":"dns_nocn","type":"fallback"}
{"level":"info","ts":1735915716.940779,"msg":"loading plugin","tag":"dns_cn","type":"fallback"}
{"level":"info","ts":1735915716.9407904,"msg":"loading plugin","tag":"dns_nocn_seq","type":"sequence"}
{"level":"info","ts":1735915716.9408174,"msg":"loading plugin","tag":"dns_cn_seq","type":"sequence"}
{"level":"info","ts":1735915716.9408314,"msg":"loading plugin","tag":"local_seq","type":"sequence"}
{"level":"info","ts":1735915716.940846,"msg":"loading plugin","tag":"fallback_seq","type":"sequence"}
{"level":"info","ts":1735915716.9408584,"msg":"loading plugin","tag":"other_seq","type":"sequence"}
{"level":"info","ts":1735915716.940876,"msg":"loading plugin","tag":"query_cn","type":"sequence"}
{"level":"info","ts":1735915716.940903,"msg":"loading plugin","tag":"query_nocn","type":"sequence"}
{"level":"info","ts":1735915716.9409332,"msg":"loading plugin","tag":"query_gfw","type":"sequence"}
{"level":"info","ts":1735915716.9409456,"msg":"loading plugin","tag":"query_fallback","type":"sequence"}
{"level":"info","ts":1735915716.9409733,"msg":"loading plugin","tag":"query_lan","type":"sequence"}
{"level":"info","ts":1735915716.9409895,"msg":"loading plugin","tag":"query_other","type":"sequence"}
{"level":"info","ts":1735915716.9410014,"msg":"loading plugin","tag":"pre_handle","type":"sequence"}
{"level":"info","ts":1735915716.9410179,"msg":"loading plugin","tag":"main_handle","type":"sequence"}
{"level":"info","ts":1735915716.9410331,"msg":"loading plugin","tag":"has_resp_pre","type":"sequence"}
{"level":"info","ts":1735915716.941047,"msg":"loading plugin","tag":"has_resp_main","type":"sequence"}
{"level":"info","ts":1735915716.9410765,"msg":"loading plugin","tag":"pre_sequence","type":"sequence"}
{"level":"info","ts":1735915716.941166,"msg":"loading plugin","tag":"main_sequence","type":"sequence"}
{"level":"info","ts":1735915716.9412036,"msg":"loading plugin","tag":"sequence","type":"sequence"}
{"level":"info","ts":1735915716.9412153,"msg":"loading plugin","tag":"udp_server","type":"udp_server"}
{"level":"info","ts":1735915716.94126,"logger":"udp_server","msg":"udp server started","addr":"[::]:53"}
{"level":"info","ts":1735915716.9412856,"msg":"loading plugin","tag":"tcp_server","type":"tcp_server"}
{"level":"info","ts":1735915716.9413195,"logger":"tcp_server","msg":"tcp server started","addr":"[::]:53","tls":false}
{"level":"info","ts":1735915716.94133,"msg":"all plugins are loaded"}
{"level":"info","ts":1735915723.7271307,"logger":"fallback_seq.r0","msg":"fallback","uqid":1,"client":"::ffff:10.88.0.1","qname":"pt.btschool.club.","qtype":1,"qclass":1,"rcode":0,"elapsed":0.047731769}
{"level":"info","ts":1735915729.7812498,"logger":"fallback_seq.r0","msg":"fallback","uqid":2,"client":"::ffff:10.88.0.1","qname":"tracker.hhanclub.top.","qtype":1,"qclass":1,"rcode":0,"elapsed":0.02022553}
{"level":"warn","ts":1735915847.3710036,"msg":"signal received","signal":"interrupt"}
{"level":"info","ts":1735915847.3712277,"msg":"starting shutdown sequences"}
{"level":"info","ts":1735915847.3712523,"msg":"closing plugin","tag":"ttl_1h"}
{"level":"info","ts":1735915847.3712652,"msg":"closing plugin","tag":"dnspod"}
{"level":"info","ts":1735915847.3712785,"msg":"closing plugin","tag":"reject_qtype65"}
{"level":"info","ts":1735915847.3712876,"msg":"closing plugin","tag":"local_seq"}
{"level":"info","ts":1735915847.371296,"msg":"closing plugin","tag":"pre_handle"}
{"level":"info","ts":1735915847.3713067,"msg":"closing plugin","tag":"udp_server"}
{"level":"warn","ts":1735915847.3713398,"logger":"udp_server","msg":"read err","error":"read udp [::]:53: use of closed network connection"}
{"level":"info","ts":1735915847.371396,"msg":"closing plugin","tag":"quad9"}
{"level":"info","ts":1735915847.3714604,"msg":"closing plugin","tag":"blackhole_cloudflare"}
{"level":"info","ts":1735915847.3714733,"msg":"closing plugin","tag":"query_cn"}
{"level":"info","ts":1735915847.3714836,"msg":"closing plugin","tag":"query_nocn"}
{"level":"info","ts":1735915847.3715088,"msg":"closing plugin","tag":"main_handle"}
{"level":"info","ts":1735915847.3715196,"msg":"closing plugin","tag":"pre_sequence"}
{"level":"info","ts":1735915847.371532,"msg":"closing plugin","tag":"tcp_server"}
{"level":"info","ts":1735915847.3716667,"msg":"closing plugin","tag":"cache_lan"}
{"level":"info","ts":1735915847.3717072,"msg":"closing plugin","tag":"local"}
{"level":"info","ts":1735915847.3717182,"msg":"closing plugin","tag":"reject_null_domain"}
{"level":"info","ts":1735915847.3717268,"msg":"closing plugin","tag":"fallback_seq"}
{"level":"info","ts":1735915847.3717356,"msg":"closing plugin","tag":"dns_nocn_seq"}
{"level":"info","ts":1735915847.3717434,"msg":"closing plugin","tag":"query_gfw"}
{"level":"info","ts":1735915847.3717518,"msg":"closing plugin","tag":"ttl_5m"}
{"level":"info","ts":1735915847.3717594,"msg":"closing plugin","tag":"google"}
{"level":"info","ts":1735915847.37177,"msg":"closing plugin","tag":"main_sequence"}
{"level":"info","ts":1735915847.3717797,"msg":"closing plugin","tag":"reject_5"}
{"level":"info","ts":1735915847.3717883,"msg":"closing plugin","tag":"reject_ad"}
{"level":"info","ts":1735915847.3717968,"msg":"closing plugin","tag":"has_resp_main"}
{"level":"info","ts":1735915847.3718076,"msg":"closing plugin","tag":"query_lan"}
{"level":"info","ts":1735915847.371817,"msg":"closing plugin","tag":"has_resp_pre"}
{"level":"info","ts":1735915847.3718255,"msg":"closing plugin","tag":"sequence"}
{"level":"info","ts":1735915847.371833,"msg":"closing plugin","tag":"cache_wan"}
{"level":"info","ts":1735915847.3718598,"msg":"closing plugin","tag":"ttl_1m"}
{"level":"info","ts":1735915847.3718693,"msg":"closing plugin","tag":"ali"}
{"level":"info","ts":1735915847.3720217,"msg":"closing plugin","tag":"reject_2"}
{"level":"info","ts":1735915847.37206,"msg":"closing plugin","tag":"query_fallback"}
{"level":"info","ts":1735915847.3720858,"msg":"closing plugin","tag":"cloudflare"}
{"level":"info","ts":1735915847.3720963,"msg":"closing plugin","tag":"query_other"}
{"level":"info","ts":1735915847.3721046,"msg":"closing plugin","tag":"other_seq"}
{"level":"info","ts":1735915847.3721137,"msg":"closing plugin","tag":"nextdns"}
{"level":"info","ts":1735915847.3721223,"msg":"closing plugin","tag":"reject_3"}
{"level":"info","ts":1735915847.3721302,"msg":"closing plugin","tag":"dns_cn_seq"}
{"level":"info","ts":1735915847.372137,"msg":"all plugins were closed"}
{"level":"info","ts":1735915847.3940625,"msg":"starting api http server","addr":"0.0.0.0:9091"}
{"level":"info","ts":1735915847.394871,"msg":"load config","file":"/app/mosdns/dat_exec.yaml"}
{"level":"info","ts":1735915847.3949168,"msg":"loading plugin","tag":"geoip_private","type":"ip_set"}
{"level":"info","ts":1735915847.394987,"msg":"loading plugin","tag":"geoip_cn","type":"ip_set"}
{"level":"info","ts":1735915847.406493,"msg":"loading plugin","tag":"geosite_cn","type":"domain_set"}
{"level":"info","ts":1735915847.4933178,"msg":"loading plugin","tag":"geosite_gfw","type":"domain_set"}
{"level":"info","ts":1735915847.4960184,"msg":"loading plugin","tag":"geosite_location-!cn","type":"domain_set"}
{"level":"info","ts":1735915847.5236216,"msg":"loading plugin","tag":"geosite_ads-all","type":"domain_set"}
{"level":"info","ts":1735915847.5255823,"msg":"loading plugin","tag":"cloudflare_cidr","type":"ip_set"}
{"level":"info","ts":1735915847.5259023,"msg":"loading plugin","tag":"cache_lan","type":"cache"}
{"level":"info","ts":1735915847.5264575,"msg":"loading plugin","tag":"cache_wan","type":"cache"}
{"level":"info","ts":1735915847.526859,"msg":"loading plugin","tag":"no_ecs","type":"ecs_handler"}
{"level":"info","ts":1735915847.5270462,"msg":"loading plugin","tag":"ecs_cn","type":"ecs_handler"}
{"level":"info","ts":1735915847.5271947,"msg":"loading plugin","tag":"ttl_1m","type":"sequence"}
{"level":"info","ts":1735915847.5273633,"msg":"loading plugin","tag":"ttl_5m","type":"sequence"}
{"level":"info","ts":1735915847.5275118,"msg":"loading plugin","tag":"ttl_1h","type":"sequence"}
{"level":"info","ts":1735915847.528685,"msg":"load config","file":"/app/mosdns/dns.yaml"}
{"level":"info","ts":1735915847.5288684,"msg":"loading plugin","tag":"google","type":"forward"}
{"level":"info","ts":1735915847.5291154,"msg":"loading plugin","tag":"cloudflare","type":"forward"}
{"level":"info","ts":1735915847.5292466,"msg":"loading plugin","tag":"nextdns","type":"forward"}
{"level":"info","ts":1735915847.5294278,"msg":"loading plugin","tag":"quad9","type":"forward"}
{"level":"info","ts":1735915847.5295763,"msg":"loading plugin","tag":"ali","type":"forward"}
{"level":"info","ts":1735915847.5297608,"msg":"loading plugin","tag":"dnspod","type":"forward"}
{"level":"info","ts":1735915847.529896,"msg":"loading plugin","tag":"local","type":"forward"}
{"level":"info","ts":1735915847.5299668,"msg":"loading plugin","tag":"reject_2","type":"sequence"}
{"level":"info","ts":1735915847.5300355,"msg":"loading plugin","tag":"reject_3","type":"sequence"}
{"level":"info","ts":1735915847.5300953,"msg":"loading plugin","tag":"reject_5","type":"sequence"}
{"level":"info","ts":1735915847.5302625,"msg":"load config","file":"/app/mosdns/best_cf.yaml"}
{"level":"info","ts":1735915847.5303266,"msg":"loading plugin","tag":"blackhole_cloudflare","type":"sequence"}
{"level":"info","ts":1735915847.5303917,"msg":"loading plugin","tag":"reject_null_domain","type":"sequence"}
{"level":"info","ts":1735915847.530452,"msg":"loading plugin","tag":"reject_qtype65","type":"sequence"}
{"level":"info","ts":1735915847.5305104,"msg":"loading plugin","tag":"reject_ad","type":"sequence"}
{"level":"info","ts":1735915847.5305662,"msg":"loading plugin","tag":"dns_nocn","type":"fallback"}
{"level":"info","ts":1735915847.5306206,"msg":"loading plugin","tag":"dns_cn","type":"fallback"}
{"level":"info","ts":1735915847.5306754,"msg":"loading plugin","tag":"dns_nocn_seq","type":"sequence"}
{"level":"info","ts":1735915847.5307412,"msg":"loading plugin","tag":"dns_cn_seq","type":"sequence"}
{"level":"info","ts":1735915847.530803,"msg":"loading plugin","tag":"local_seq","type":"sequence"}
{"level":"info","ts":1735915847.5308616,"msg":"loading plugin","tag":"fallback_seq","type":"sequence"}
{"level":"info","ts":1735915847.5309167,"msg":"loading plugin","tag":"other_seq","type":"sequence"}
{"level":"info","ts":1735915847.5309796,"msg":"loading plugin","tag":"query_cn","type":"sequence"}
{"level":"info","ts":1735915847.5310497,"msg":"loading plugin","tag":"query_nocn","type":"sequence"}
{"level":"info","ts":1735915847.5311255,"msg":"loading plugin","tag":"query_gfw","type":"sequence"}
{"level":"info","ts":1735915847.5311818,"msg":"loading plugin","tag":"query_fallback","type":"sequence"}
{"level":"info","ts":1735915847.5312536,"msg":"loading plugin","tag":"query_lan","type":"sequence"}
{"level":"info","ts":1735915847.5313127,"msg":"loading plugin","tag":"query_other","type":"sequence"}
{"level":"info","ts":1735915847.5313675,"msg":"loading plugin","tag":"pre_handle","type":"sequence"}
{"level":"info","ts":1735915847.5314226,"msg":"loading plugin","tag":"main_handle","type":"sequence"}
{"level":"info","ts":1735915847.5314767,"msg":"loading plugin","tag":"has_resp_pre","type":"sequence"}
{"level":"info","ts":1735915847.5315366,"msg":"loading plugin","tag":"has_resp_main","type":"sequence"}
{"level":"info","ts":1735915847.5316122,"msg":"loading plugin","tag":"pre_sequence","type":"sequence"}
{"level":"info","ts":1735915847.5317082,"msg":"loading plugin","tag":"main_sequence","type":"sequence"}
{"level":"info","ts":1735915847.53178,"msg":"loading plugin","tag":"sequence","type":"sequence"}
{"level":"info","ts":1735915847.5318341,"msg":"loading plugin","tag":"udp_server","type":"udp_server"}
{"level":"info","ts":1735915847.5319176,"logger":"udp_server","msg":"udp server started","addr":"[::]:53"}
{"level":"info","ts":1735915847.5319874,"msg":"loading plugin","tag":"tcp_server","type":"tcp_server"}
{"level":"info","ts":1735915847.5320613,"logger":"tcp_server","msg":"tcp server started","addr":"[::]:53","tls":false}
{"level":"info","ts":1735915847.5321264,"msg":"all plugins are loaded"}
{"level":"info","ts":1735915853.7047646,"logger":"fallback_seq.r0","msg":"fallback","uqid":1,"client":"::ffff:10.88.0.1","qname":"tracker.hhanclub.top.","qtype":1,"qclass":1,"rcode":0,"elapsed":0.033653727}
{"level":"info","ts":1735915858.2632155,"logger":"fallback_seq.r0","msg":"fallback","uqid":2,"client":"::ffff:10.88.0.1","qname":"pt.btschool.club.","qtype":1,"qclass":1,"rcode":0,"elapsed":0.006994025}
{"level":"debug","ts":1735915859.8303735,"logger":"cache_wan","msg":"start lazy cache update","query":{"uqid":3,"client":"::ffff:10.88.0.1","qname":"pt.btschool.club.","qtype":1,"qclass":1,"elapsed":0.00022355}}
{"level":"info","ts":1735915859.8383222,"logger":"fallback_seq.r0","msg":"fallback","uqid":3,"client":"::ffff:10.88.0.1","qname":"pt.btschool.club.","qtype":1,"qclass":1,"rcode":0,"elapsed":0.008134344}
{"level":"debug","ts":1735915859.8384075,"logger":"cache_wan","msg":"lazy cache updated","query":{"uqid":3,"client":"::ffff:10.88.0.1","qname":"pt.btschool.club.","qtype":1,"qclass":1,"rcode":0,"elapsed":0.008203464}}
{"level":"warn","ts":1735917026.9522822,"msg":"signal received","signal":"interrupt"}
{"level":"info","ts":1735917026.952482,"msg":"starting shutdown sequences"}
{"level":"info","ts":1735917026.9525485,"msg":"closing plugin","tag":"blackhole_cloudflare"}
{"level":"info","ts":1735917026.9525664,"msg":"closing plugin","tag":"local_seq"}
{"level":"info","ts":1735917026.9526207,"msg":"closing plugin","tag":"query_other"}
{"level":"info","ts":1735917026.952629,"msg":"closing plugin","tag":"pre_handle"}
{"level":"info","ts":1735917026.9526389,"msg":"closing plugin","tag":"ttl_1m"}
{"level":"info","ts":1735917026.952648,"msg":"closing plugin","tag":"reject_3"}
{"level":"info","ts":1735917026.9526572,"msg":"closing plugin","tag":"query_cn"}
{"level":"info","ts":1735917026.9526675,"msg":"closing plugin","tag":"query_gfw"}
{"level":"info","ts":1735917026.9526753,"msg":"closing plugin","tag":"query_fallback"}
{"level":"info","ts":1735917026.9527054,"msg":"closing plugin","tag":"cloudflare"}
{"level":"info","ts":1735917026.9527173,"msg":"closing plugin","tag":"fallback_seq"}
{"level":"info","ts":1735917026.9527256,"msg":"closing plugin","tag":"has_resp_main"}
{"level":"info","ts":1735917026.9527366,"msg":"closing plugin","tag":"cache_wan"}
{"level":"info","ts":1735917026.9527473,"msg":"closing plugin","tag":"dns_nocn_seq"}
{"level":"info","ts":1735917026.9527552,"msg":"closing plugin","tag":"reject_null_domain"}
{"level":"info","ts":1735917026.9527628,"msg":"closing plugin","tag":"query_nocn"}
{"level":"info","ts":1735917026.9527724,"msg":"closing plugin","tag":"google"}
{"level":"info","ts":1735917026.9527855,"msg":"closing plugin","tag":"local"}
{"level":"info","ts":1735917026.952795,"msg":"closing plugin","tag":"quad9"}
{"level":"info","ts":1735917026.9528039,"msg":"closing plugin","tag":"reject_5"}
{"level":"info","ts":1735917026.952812,"msg":"closing plugin","tag":"reject_qtype65"}
{"level":"info","ts":1735917026.952821,"msg":"closing plugin","tag":"dns_cn_seq"}
{"level":"info","ts":1735917026.9528286,"msg":"closing plugin","tag":"cache_lan"}
{"level":"info","ts":1735917026.9528377,"msg":"closing plugin","tag":"other_seq"}
{"level":"info","ts":1735917026.9528453,"msg":"closing plugin","tag":"sequence"}
{"level":"info","ts":1735917026.952853,"msg":"closing plugin","tag":"nextdns"}
{"level":"info","ts":1735917026.952863,"msg":"closing plugin","tag":"ali"}
{"level":"info","ts":1735917026.9530222,"msg":"closing plugin","tag":"dnspod"}
{"level":"info","ts":1735917026.9530392,"msg":"closing plugin","tag":"reject_2"}
{"level":"info","ts":1735917026.953049,"msg":"closing plugin","tag":"main_handle"}
{"level":"info","ts":1735917026.9530573,"msg":"closing plugin","tag":"ttl_5m"}
{"level":"info","ts":1735917026.9530659,"msg":"closing plugin","tag":"udp_server"}
{"level":"warn","ts":1735917026.9531298,"logger":"udp_server","msg":"read err","error":"read udp [::]:53: use of closed network connection"}
{"level":"info","ts":1735917026.9531798,"msg":"closing plugin","tag":"tcp_server"}
{"level":"info","ts":1735917026.9532719,"msg":"closing plugin","tag":"has_resp_pre"}
{"level":"info","ts":1735917026.9532866,"msg":"closing plugin","tag":"main_sequence"}
{"level":"info","ts":1735917026.953297,"msg":"closing plugin","tag":"ttl_1h"}
{"level":"info","ts":1735917026.953305,"msg":"closing plugin","tag":"reject_ad"}
{"level":"info","ts":1735917026.9533134,"msg":"closing plugin","tag":"query_lan"}
{"level":"info","ts":1735917026.9533453,"msg":"closing plugin","tag":"pre_sequence"}
{"level":"info","ts":1735917026.953356,"msg":"all plugins were closed"}
